
Starting training
Epoch 1: Train Loss: 15.7265, Val Loss: 1.6013, Train Acc: 23.07%, Val Accuracy: 18.87%, Train F1 Score: 22.12%, Val F1 Score: 17.22%
For class normal the Train F1: 13.41% and Val F1: 8.05%
For class AVNRT the Train F1: 26.21% and Val F1: 52.39%
For class AVRT the Train F1: 23.72% and Val F1: 0.00%
For class concealed the Train F1: 27.02% and Val F1: 15.00%
For class EAT the Train F1: 20.25% and Val F1: 10.67%
Traceback (most recent call last):
  File "/home/tzikos/anaconda3/envs/KUThesis/lib/python3.12/runpy.py", line 198, in _run_module_as_main
    return _run_code(code, main_globals, None,
           ^^^^^^^^^^^^^^^^^^^^^^^^^^^^^^^^^^^
  File "/home/tzikos/anaconda3/envs/KUThesis/lib/python3.12/runpy.py", line 88, in _run_code
    exec(code, run_globals)
  File "/home/tzikos/.vscode/extensions/ms-python.debugpy-2024.2.0-linux-x64/bundled/libs/debugpy/adapter/../../debugpy/launcher/../../debugpy/__main__.py", line 39, in <module>
    cli.main()
  File "/home/tzikos/.vscode/extensions/ms-python.debugpy-2024.2.0-linux-x64/bundled/libs/debugpy/adapter/../../debugpy/launcher/../../debugpy/../debugpy/server/cli.py", line 430, in main
    run()
  File "/home/tzikos/.vscode/extensions/ms-python.debugpy-2024.2.0-linux-x64/bundled/libs/debugpy/adapter/../../debugpy/launcher/../../debugpy/../debugpy/server/cli.py", line 284, in run_file
    runpy.run_path(target, run_name="__main__")
  File "/home/tzikos/.vscode/extensions/ms-python.debugpy-2024.2.0-linux-x64/bundled/libs/debugpy/_vendored/pydevd/_pydevd_bundle/pydevd_runpy.py", line 321, in run_path
    return _run_module_code(code, init_globals, run_name,
           ^^^^^^^^^^^^^^^^^^^^^^^^^^^^^^^^^^^^^^^^^^^^^^
  File "/home/tzikos/.vscode/extensions/ms-python.debugpy-2024.2.0-linux-x64/bundled/libs/debugpy/_vendored/pydevd/_pydevd_bundle/pydevd_runpy.py", line 135, in _run_module_code
    _run_code(code, mod_globals, init_globals,
  File "/home/tzikos/.vscode/extensions/ms-python.debugpy-2024.2.0-linux-x64/bundled/libs/debugpy/_vendored/pydevd/_pydevd_bundle/pydevd_runpy.py", line 124, in _run_code
    exec(code, run_globals)
  File "/home/tzikos/Desktop/KULeuvenThesis/main.py", line 195, in <module>
    filePath = train(model, trainLoader, valLoader, CLASSES_BERT, LEARNING_RATE_BERT,
               ^^^^^^^^^^^^^^^^^^^^^^^^^^^^^^^^^^^^^^^^^^^^^^^^^^^^^^^^^^^^^^^^^^^^^^
  File "/home/tzikos/Desktop/KULeuvenThesis/models.py", line 409, in train
    plotNSaveConfusion(trainCM, classNames, f"/{model.__class__.__name__}_{dataset}_B{batchSize}_L{lr}_{formattedNow}_train", "Train")
    ^^^^^^^^^^^^^^^^^^^^^^^^^^^^^^^^^^^^^^^^^^^^^^^^^^^^^^^^^^^^^^^^^^^^^^^^^^^^^^^^^^^^^^^^^^^^^^^^^^^^^^^^^^^^^^^^^^^^^^^^^
TypeError: plotNSaveConfusion() missing 1 required positional argument: 'text'
Exception ignored in: <module 'threading' from '/home/tzikos/anaconda3/envs/KUThesis/lib/python3.12/threading.py'>
Traceback (most recent call last):
  File "/home/tzikos/anaconda3/envs/KUThesis/lib/python3.12/threading.py", line 1622, in _shutdown
    lock.acquire()
KeyboardInterrupt: