Epoch 1: Train Loss: 0.6594, Train Vis Loss: 0.6594, Val Loss: 0.6124, Train Acc: 62.71%, Val Accuracy: 58.57%, Train F1 Score: 60.73%, Val F1 Score: 57.88%
For class normal the Train F1: 51.93% and Val F1: 52.46%
For class PSVT the Train F1: 69.54% and Val F1: 63.29%
Time taken for epoch 1: 0.29 minutes
Epoch 2: Train Loss: 0.5378, Train Vis Loss: 0.5378, Val Loss: 0.4108, Train Acc: 74.07%, Val Accuracy: 78.57%, Train F1 Score: 73.91%, Val F1 Score: 78.35%
For class normal the Train F1: 71.83% and Val F1: 76.19%
For class PSVT the Train F1: 75.99% and Val F1: 80.52%
Time taken for epoch 2: 0.23 minutes
Epoch 3: Train Loss: 0.3524, Train Vis Loss: 0.3524, Val Loss: 0.2481, Train Acc: 87.15%, Val Accuracy: 81.43%, Train F1 Score: 86.85%, Val F1 Score: 80.77%
For class normal the Train F1: 84.88% and Val F1: 77.19%
For class PSVT the Train F1: 88.82% and Val F1: 84.34%
Time taken for epoch 3: 0.24 minutes
Epoch 4: Train Loss: 0.2349, Train Vis Loss: 0.2349, Val Loss: 0.3817, Train Acc: 92.41%, Val Accuracy: 82.86%, Train F1 Score: 92.13%, Val F1 Score: 81.91%
For class normal the Train F1: 90.63% and Val F1: 77.78%
For class PSVT the Train F1: 93.62% and Val F1: 86.05%
Time taken for epoch 4: 0.23 minutes
Epoch 5: Train Loss: 0.1617, Train Vis Loss: 0.1617, Val Loss: 0.6208, Train Acc: 94.53%, Val Accuracy: 84.29%, Train F1 Score: 94.30%, Val F1 Score: 83.53%
For class normal the Train F1: 93.14% and Val F1: 80.00%
For class PSVT the Train F1: 95.46% and Val F1: 87.06%
Time taken for epoch 5: 0.23 minutes
Epoch 6: Train Loss: 0.1091, Train Vis Loss: 0.1091, Val Loss: 0.2890, Train Acc: 97.11%, Val Accuracy: 85.71%, Train F1 Score: 96.96%, Val F1 Score: 85.12%
For class normal the Train F1: 96.30% and Val F1: 82.14%
For class PSVT the Train F1: 97.63% and Val F1: 88.10%
Time taken for epoch 6: 0.24 minutes
Epoch 7: Train Loss: 0.0751, Train Vis Loss: 0.0751, Val Loss: 0.4479, Train Acc: 98.31%, Val Accuracy: 84.29%, Train F1 Score: 98.21%, Val F1 Score: 83.89%
For class normal the Train F1: 97.80% and Val F1: 81.36%
For class PSVT the Train F1: 98.62% and Val F1: 86.42%
Time taken for epoch 7: 0.22 minutes
Epoch 8: Train Loss: 0.0559, Train Vis Loss: 0.0559, Val Loss: 0.2679, Train Acc: 98.70%, Val Accuracy: 85.71%, Train F1 Score: 98.62%, Val F1 Score: 85.12%
For class normal the Train F1: 98.31% and Val F1: 82.14%
For class PSVT the Train F1: 98.94% and Val F1: 88.10%
Time taken for epoch 8: 0.22 minutes
Epoch 9: Train Loss: 0.0478, Train Vis Loss: 0.0478, Val Loss: 0.2981, Train Acc: 99.03%, Val Accuracy: 80.00%, Train F1 Score: 98.98%, Val F1 Score: 79.74%
For class normal the Train F1: 98.74% and Val F1: 77.42%
For class PSVT the Train F1: 99.22% and Val F1: 82.05%
Time taken for epoch 9: 0.22 minutes
Epoch 10: Train Loss: 0.0399, Train Vis Loss: 0.0399, Val Loss: 0.5265, Train Acc: 99.33%, Val Accuracy: 90.00%, Train F1 Score: 99.30%, Val F1 Score: 89.37%
For class normal the Train F1: 99.13% and Val F1: 86.79%
For class PSVT the Train F1: 99.46% and Val F1: 91.95%
Time taken for epoch 10: 0.24 minutes
Epoch 11: Train Loss: 0.0315, Train Vis Loss: 0.0315, Val Loss: 0.4553, Train Acc: 99.12%, Val Accuracy: 85.71%, Train F1 Score: 99.07%, Val F1 Score: 85.28%
For class normal the Train F1: 98.85% and Val F1: 82.76%
For class PSVT the Train F1: 99.28% and Val F1: 87.80%
Time taken for epoch 11: 0.22 minutes
Epoch 12: Train Loss: 0.0246, Train Vis Loss: 0.0246, Val Loss: 0.9352, Train Acc: 99.54%, Val Accuracy: 85.71%, Train F1 Score: 99.51%, Val F1 Score: 85.28%
For class normal the Train F1: 99.40% and Val F1: 82.76%
For class PSVT the Train F1: 99.63% and Val F1: 87.80%
Time taken for epoch 12: 0.22 minutes
Epoch 13: Train Loss: 0.0204, Train Vis Loss: 0.0204, Val Loss: 0.3075, Train Acc: 99.52%, Val Accuracy: 88.57%, Train F1 Score: 99.50%, Val F1 Score: 87.94%
For class normal the Train F1: 99.38% and Val F1: 85.19%
For class PSVT the Train F1: 99.61% and Val F1: 90.70%
Time taken for epoch 13: 0.22 minutes
Epoch 14: Train Loss: 0.0174, Train Vis Loss: 0.0174, Val Loss: 0.2714, Train Acc: 99.61%, Val Accuracy: 84.29%, Train F1 Score: 99.59%, Val F1 Score: 83.72%
For class normal the Train F1: 99.49% and Val F1: 80.70%
For class PSVT the Train F1: 99.68% and Val F1: 86.75%
Time taken for epoch 14: 0.22 minutes
Epoch 15: Train Loss: 0.0156, Train Vis Loss: 0.0156, Val Loss: 0.4805, Train Acc: 99.62%, Val Accuracy: 87.14%, Train F1 Score: 99.60%, Val F1 Score: 86.34%
For class normal the Train F1: 99.51% and Val F1: 83.02%
For class PSVT the Train F1: 99.70% and Val F1: 89.66%
Reducing LR
Time taken for epoch 15: 0.23 minutes
Epoch 16: Train Loss: 0.0123, Train Vis Loss: 0.0123, Val Loss: 0.2820, Train Acc: 99.74%, Val Accuracy: 84.29%, Train F1 Score: 99.72%, Val F1 Score: 83.72%
For class normal the Train F1: 99.66% and Val F1: 80.70%
For class PSVT the Train F1: 99.79% and Val F1: 86.75%
Time taken for epoch 16: 0.23 minutes
Epoch 17: Train Loss: 0.0128, Train Vis Loss: 0.0128, Val Loss: 0.2826, Train Acc: 99.77%, Val Accuracy: 87.14%, Train F1 Score: 99.75%, Val F1 Score: 86.34%
For class normal the Train F1: 99.70% and Val F1: 83.02%
For class PSVT the Train F1: 99.81% and Val F1: 89.66%
Time taken for epoch 17: 0.22 minutes
Epoch 18: Train Loss: 0.0103, Train Vis Loss: 0.0103, Val Loss: 0.2925, Train Acc: 99.73%, Val Accuracy: 87.14%, Train F1 Score: 99.71%, Val F1 Score: 86.68%
For class normal the Train F1: 99.64% and Val F1: 84.21%
For class PSVT the Train F1: 99.78% and Val F1: 89.16%
Time taken for epoch 18: 0.22 minutes
Epoch 19: Train Loss: 0.0121, Train Vis Loss: 0.0121, Val Loss: 1.3534, Train Acc: 99.78%, Val Accuracy: 81.43%, Train F1 Score: 99.77%, Val F1 Score: 81.12%
For class normal the Train F1: 99.72% and Val F1: 78.69%
For class PSVT the Train F1: 99.82% and Val F1: 83.54%
Time taken for epoch 19: 0.22 minutes
Epoch 20: Train Loss: 0.0101, Train Vis Loss: 0.0101, Val Loss: 1.0975, Train Acc: 99.78%, Val Accuracy: 88.57%, Train F1 Score: 99.77%, Val F1 Score: 87.94%
For class normal the Train F1: 99.72% and Val F1: 85.19%
For class PSVT the Train F1: 99.82% and Val F1: 90.70%
Reducing LR
Time taken for epoch 20: 0.23 minutes
Epoch 21: Train Loss: 0.0231, Train Vis Loss: 0.0231, Val Loss: 1.0429, Train Acc: 99.84%, Val Accuracy: 88.57%, Train F1 Score: 99.83%, Val F1 Score: 87.56%
For class normal the Train F1: 99.79% and Val F1: 84.00%
For class PSVT the Train F1: 99.87% and Val F1: 91.11%
Time taken for epoch 21: 0.23 minutes
Epoch 22: Train Loss: 0.0109, Train Vis Loss: 0.0109, Val Loss: 0.8395, Train Acc: 99.74%, Val Accuracy: 85.71%, Train F1 Score: 99.72%, Val F1 Score: 85.28%
For class normal the Train F1: 99.66% and Val F1: 82.76%
For class PSVT the Train F1: 99.79% and Val F1: 87.80%
Early stopped training at epoch 21
Test Accuracy: 90.00%, Test F1 Score: 89.37%
For class normal the F1: 86.79%
For class PSVT the F1: 91.95%
Traceback (most recent call last):
  File "/home/tzikos/anaconda3/envs/KUThesis/lib/python3.12/site-packages/urllib3/connection.py", line 198, in _new_conn
    sock = connection.create_connection(
           ^^^^^^^^^^^^^^^^^^^^^^^^^^^^^
  File "/home/tzikos/anaconda3/envs/KUThesis/lib/python3.12/site-packages/urllib3/util/connection.py", line 60, in create_connection
    for res in socket.getaddrinfo(host, port, family, socket.SOCK_STREAM):
               ^^^^^^^^^^^^^^^^^^^^^^^^^^^^^^^^^^^^^^^^^^^^^^^^^^^^^^^^^^
  File "/home/tzikos/anaconda3/envs/KUThesis/lib/python3.12/socket.py", line 963, in getaddrinfo
    for res in _socket.getaddrinfo(host, port, family, type, proto, flags):
               ^^^^^^^^^^^^^^^^^^^^^^^^^^^^^^^^^^^^^^^^^^^^^^^^^^^^^^^^^^^
socket.gaierror: [Errno -3] Temporary failure in name resolution
During handling of the above exception, another exception occurred:
Traceback (most recent call last):
  File "/home/tzikos/anaconda3/envs/KUThesis/lib/python3.12/runpy.py", line 198, in _run_module_as_main
    return _run_code(code, main_globals, None,
           ^^^^^^^^^^^^^^^^^^^^^^^^^^^^^^^^^^^
  File "/home/tzikos/anaconda3/envs/KUThesis/lib/python3.12/runpy.py", line 88, in _run_code
    exec(code, run_globals)
  File "/home/tzikos/.vscode/extensions/ms-python.debugpy-2024.6.0-linux-x64/bundled/libs/debugpy/adapter/../../debugpy/launcher/../../debugpy/__main__.py", line 39, in <module>
    cli.main()
  File "/home/tzikos/.vscode/extensions/ms-python.debugpy-2024.6.0-linux-x64/bundled/libs/debugpy/adapter/../../debugpy/launcher/../../debugpy/../debugpy/server/cli.py", line 430, in main
    run()
  File "/home/tzikos/.vscode/extensions/ms-python.debugpy-2024.6.0-linux-x64/bundled/libs/debugpy/adapter/../../debugpy/launcher/../../debugpy/../debugpy/server/cli.py", line 284, in run_file
    runpy.run_path(target, run_name="__main__")
  File "/home/tzikos/.vscode/extensions/ms-python.debugpy-2024.6.0-linux-x64/bundled/libs/debugpy/_vendored/pydevd/_pydevd_bundle/pydevd_runpy.py", line 321, in run_path
    return _run_module_code(code, init_globals, run_name,
           ^^^^^^^^^^^^^^^^^^^^^^^^^^^^^^^^^^^^^^^^^^^^^^
  File "/home/tzikos/.vscode/extensions/ms-python.debugpy-2024.6.0-linux-x64/bundled/libs/debugpy/_vendored/pydevd/_pydevd_bundle/pydevd_runpy.py", line 135, in _run_module_code
    _run_code(code, mod_globals, init_globals,
  File "/home/tzikos/.vscode/extensions/ms-python.debugpy-2024.6.0-linux-x64/bundled/libs/debugpy/_vendored/pydevd/_pydevd_bundle/pydevd_runpy.py", line 124, in _run_code
    exec(code, run_globals)
  File "/home/tzikos/Desktop/KULeuvenThesis/main.py", line 141, in <module>
    CVtrainBinary(modelStr=MODEL_STR, learningRate=LEARNING_RATE_BERT, epochs=1000, classWeights=classWeights,
  File "/home/tzikos/Desktop/KULeuvenThesis/trainingFuncs.py", line 847, in CVtrainBinary
    wandb.log({'Testing Confusion Matrix': testCMTable}, commit=False)
  File "/home/tzikos/anaconda3/envs/KUThesis/lib/python3.12/site-packages/wandb/sdk/wandb_run.py", line 420, in wrapper
    return func(self, *args, **kwargs)
           ^^^^^^^^^^^^^^^^^^^^^^^^^^^
  File "/home/tzikos/anaconda3/envs/KUThesis/lib/python3.12/site-packages/wandb/sdk/wandb_run.py", line 371, in wrapper_fn
    return func(self, *args, **kwargs)
           ^^^^^^^^^^^^^^^^^^^^^^^^^^^
  File "/home/tzikos/anaconda3/envs/KUThesis/lib/python3.12/site-packages/wandb/sdk/wandb_run.py", line 361, in wrapper
    return func(self, *args, **kwargs)
           ^^^^^^^^^^^^^^^^^^^^^^^^^^^
  File "/home/tzikos/anaconda3/envs/KUThesis/lib/python3.12/site-packages/wandb/sdk/wandb_run.py", line 1828, in log
    self._log(data=data, step=step, commit=commit)
  File "/home/tzikos/anaconda3/envs/KUThesis/lib/python3.12/site-packages/wandb/sdk/wandb_run.py", line 1596, in _log
    self._partial_history_callback(data, step, commit)
  File "/home/tzikos/anaconda3/envs/KUThesis/lib/python3.12/site-packages/wandb/sdk/wandb_run.py", line 1468, in _partial_history_callback
    self._backend.interface.publish_partial_history(
  File "/home/tzikos/anaconda3/envs/KUThesis/lib/python3.12/site-packages/wandb/sdk/interface/interface.py", line 561, in publish_partial_history
    data = history_dict_to_json(run, data, step=user_step, ignore_copy_err=True)
           ^^^^^^^^^^^^^^^^^^^^^^^^^^^^^^^^^^^^^^^^^^^^^^^^^^^^^^^^^^^^^^^^^^^^^
  File "/home/tzikos/anaconda3/envs/KUThesis/lib/python3.12/site-packages/wandb/sdk/data_types/utils.py", line 52, in history_dict_to_json
    payload[key] = val_to_json(
                   ^^^^^^^^^^^^
  File "/home/tzikos/anaconda3/envs/KUThesis/lib/python3.12/site-packages/wandb/sdk/data_types/utils.py", line 157, in val_to_json
    run.log_artifact(art)
  File "/home/tzikos/anaconda3/envs/KUThesis/lib/python3.12/site-packages/wandb/sdk/wandb_run.py", line 371, in wrapper_fn
    return func(self, *args, **kwargs)
           ^^^^^^^^^^^^^^^^^^^^^^^^^^^
  File "/home/tzikos/anaconda3/envs/KUThesis/lib/python3.12/site-packages/wandb/sdk/wandb_run.py", line 361, in wrapper
    return func(self, *args, **kwargs)
           ^^^^^^^^^^^^^^^^^^^^^^^^^^^
  File "/home/tzikos/anaconda3/envs/KUThesis/lib/python3.12/site-packages/wandb/sdk/wandb_run.py", line 2883, in log_artifact
    return self._log_artifact(
           ^^^^^^^^^^^^^^^^^^^
  File "/home/tzikos/anaconda3/envs/KUThesis/lib/python3.12/site-packages/wandb/sdk/wandb_run.py", line 3022, in _log_artifact
    self._assert_can_log_artifact(artifact)
  File "/home/tzikos/anaconda3/envs/KUThesis/lib/python3.12/site-packages/wandb/sdk/wandb_run.py", line 3070, in _assert_can_log_artifact
    expected_type = Artifact._expected_type(
                    ^^^^^^^^^^^^^^^^^^^^^^^^
  File "/home/tzikos/anaconda3/envs/KUThesis/lib/python3.12/site-packages/wandb/sdk/artifacts/artifact.py", line 2137, in _expected_type
    response = client.execute(
               ^^^^^^^^^^^^^^^
  File "/home/tzikos/anaconda3/envs/KUThesis/lib/python3.12/site-packages/wandb/sdk/lib/retry.py", line 212, in wrapped_fn
    return retrier(*args, **kargs)
           ^^^^^^^^^^^^^^^^^^^^^^^
  File "/home/tzikos/anaconda3/envs/KUThesis/lib/python3.12/site-packages/wandb/sdk/lib/retry.py", line 131, in __call__
    result = self._call_fn(*args, **kwargs)
             ^^^^^^^^^^^^^^^^^^^^^^^^^^^^^^
  File "/home/tzikos/anaconda3/envs/KUThesis/lib/python3.12/site-packages/wandb/apis/public/api.py", line 73, in execute
    return self._client.execute(*args, **kwargs)
           ^^^^^^^^^^^^^^^^^^^^^^^^^^^^^^^^^^^^^
  File "/home/tzikos/anaconda3/envs/KUThesis/lib/python3.12/site-packages/wandb/vendor/gql-0.2.0/wandb_gql/client.py", line 52, in execute
    result = self._get_result(document, *args, **kwargs)
             ^^^^^^^^^^^^^^^^^^^^^^^^^^^^^^^^^^^^^^^^^^^
  File "/home/tzikos/anaconda3/envs/KUThesis/lib/python3.12/site-packages/wandb/vendor/gql-0.2.0/wandb_gql/client.py", line 60, in _get_result
    return self.transport.execute(document, *args, **kwargs)
           ^^^^^^^^^^^^^^^^^^^^^^^^^^^^^^^^^^^^^^^^^^^^^^^^^
  File "/home/tzikos/anaconda3/envs/KUThesis/lib/python3.12/site-packages/wandb/sdk/lib/gql_request.py", line 58, in execute
    request = self.session.post(self.url, **post_args)
              ^^^^^^^^^^^^^^^^^^^^^^^^^^^^^^^^^^^^^^^^
  File "/home/tzikos/anaconda3/envs/KUThesis/lib/python3.12/site-packages/requests/sessions.py", line 637, in post
    return self.request("POST", url, data=data, json=json, **kwargs)
           ^^^^^^^^^^^^^^^^^^^^^^^^^^^^^^^^^^^^^^^^^^^^^^^^^^^^^^^^^
  File "/home/tzikos/anaconda3/envs/KUThesis/lib/python3.12/site-packages/requests/sessions.py", line 589, in request
    resp = self.send(prep, **send_kwargs)
           ^^^^^^^^^^^^^^^^^^^^^^^^^^^^^^
  File "/home/tzikos/anaconda3/envs/KUThesis/lib/python3.12/site-packages/requests/sessions.py", line 703, in send
    r = adapter.send(request, **kwargs)
        ^^^^^^^^^^^^^^^^^^^^^^^^^^^^^^^
  File "/home/tzikos/anaconda3/envs/KUThesis/lib/python3.12/site-packages/requests/adapters.py", line 486, in send
    resp = conn.urlopen(
           ^^^^^^^^^^^^^
  File "/home/tzikos/anaconda3/envs/KUThesis/lib/python3.12/site-packages/urllib3/connectionpool.py", line 793, in urlopen
    response = self._make_request(
               ^^^^^^^^^^^^^^^^^^^
  File "/home/tzikos/anaconda3/envs/KUThesis/lib/python3.12/site-packages/urllib3/connectionpool.py", line 467, in _make_request
    self._validate_conn(conn)
  File "/home/tzikos/anaconda3/envs/KUThesis/lib/python3.12/site-packages/urllib3/connectionpool.py", line 1099, in _validate_conn
    conn.connect()
  File "/home/tzikos/anaconda3/envs/KUThesis/lib/python3.12/site-packages/urllib3/connection.py", line 616, in connect
    self.sock = sock = self._new_conn()
                       ^^^^^^^^^^^^^^^^
  File "/home/tzikos/anaconda3/envs/KUThesis/lib/python3.12/site-packages/urllib3/connection.py", line 205, in _new_conn
    raise NameResolutionError(self.host, self, e) from e
                              ^^^^^^^^^
  File "/home/tzikos/anaconda3/envs/KUThesis/lib/python3.12/site-packages/urllib3/connection.py", line 163, in host
    @property
  File "/home/tzikos/.vscode/extensions/ms-python.debugpy-2024.6.0-linux-x64/bundled/libs/debugpy/_vendored/pydevd/_pydevd_bundle/pydevd_trace_dispatch_regular.py", line 326, in __call__
    def __call__(self, frame, event, arg):
KeyboardInterrupt