2024-07-21 18:45:48,403 INFO    StreamThr :217011 [internal.py:wandb_internal():85] W&B internal server running at pid: 217011, started at: 2024-07-21 18:45:48.403009
2024-07-21 18:45:48,407 DEBUG   HandlerThread:217011 [handler.py:handle_request():158] handle_request: status
2024-07-21 18:45:48,409 INFO    WriterThread:217011 [datastore.py:open_for_write():87] open: /home/tzikos/Desktop/KULeuvenThesis/wandb/run-20240721_184547-fuv9cxmm/run-fuv9cxmm.wandb
2024-07-21 18:45:48,409 DEBUG   SenderThread:217011 [sender.py:send():379] send: header
2024-07-21 18:45:48,410 DEBUG   SenderThread:217011 [sender.py:send():379] send: run
2024-07-21 18:45:48,851 INFO    SenderThread:217011 [dir_watcher.py:__init__():211] watching files in: /home/tzikos/Desktop/KULeuvenThesis/wandb/run-20240721_184547-fuv9cxmm/files
2024-07-21 18:45:48,851 INFO    SenderThread:217011 [sender.py:_start_run_threads():1188] run started: fuv9cxmm with start time 1721580347.952801
2024-07-21 18:45:48,866 DEBUG   HandlerThread:217011 [handler.py:handle_request():158] handle_request: check_version
2024-07-21 18:45:48,867 DEBUG   SenderThread:217011 [sender.py:send_request():406] send_request: check_version
2024-07-21 18:45:48,955 DEBUG   HandlerThread:217011 [handler.py:handle_request():158] handle_request: run_start
2024-07-21 18:45:48,956 DEBUG   HandlerThread:217011 [system_info.py:__init__():26] System info init
2024-07-21 18:45:48,956 DEBUG   HandlerThread:217011 [system_info.py:__init__():41] System info init done
2024-07-21 18:45:48,956 INFO    HandlerThread:217011 [system_monitor.py:start():194] Starting system monitor
2024-07-21 18:45:48,957 INFO    HandlerThread:217011 [system_monitor.py:probe():214] Collecting system info
2024-07-21 18:45:48,957 INFO    SystemMonitor:217011 [system_monitor.py:_start():158] Starting system asset monitoring threads
2024-07-21 18:45:48,958 INFO    SystemMonitor:217011 [interfaces.py:start():188] Started cpu monitoring
2024-07-21 18:45:48,959 INFO    SystemMonitor:217011 [interfaces.py:start():188] Started disk monitoring
2024-07-21 18:45:48,960 INFO    SystemMonitor:217011 [interfaces.py:start():188] Started gpu monitoring
2024-07-21 18:45:48,961 INFO    SystemMonitor:217011 [interfaces.py:start():188] Started memory monitoring
2024-07-21 18:45:48,962 INFO    SystemMonitor:217011 [interfaces.py:start():188] Started network monitoring
2024-07-21 18:45:48,969 DEBUG   HandlerThread:217011 [system_info.py:probe():152] Probing system
2024-07-21 18:45:48,970 DEBUG   HandlerThread:217011 [system_info.py:_probe_git():137] Probing git
2024-07-21 18:45:48,979 DEBUG   HandlerThread:217011 [system_info.py:_probe_git():145] Probing git done
2024-07-21 18:45:48,979 DEBUG   HandlerThread:217011 [system_info.py:probe():200] Probing system done
2024-07-21 18:45:48,979 DEBUG   HandlerThread:217011 [system_monitor.py:probe():223] {'os': 'Linux-6.5.0-44-generic-x86_64-with-glibc2.35', 'python': '3.12.2', 'heartbeatAt': '2024-07-21T16:45:48.969956', 'startedAt': '2024-07-21T16:45:47.946802', 'docker': None, 'cuda': None, 'args': (), 'state': 'running', 'program': '/home/tzikos/Desktop/KULeuvenThesis/main.py', 'codePathLocal': 'main.py', 'codePath': 'main.py', 'git': {'remote': 'git@github.com:DimChatz/KULeuvenThesis.git', 'commit': 'edbc23857a85adb2c2b5e5d16e86987f9ea698a0'}, 'email': 'dimichatzakis@gmail.com', 'root': '/home/tzikos/Desktop/KULeuvenThesis', 'host': 'xatzospito', 'username': 'tzikos', 'executable': '/home/tzikos/anaconda3/envs/KUThesis/bin/python', 'cpu_count': 8, 'cpu_count_logical': 16, 'cpu_freq': {'current': 2892.3846875, 'min': 400.0, 'max': 5804.75}, 'cpu_freq_per_core': [{'current': 3242.117, 'min': 400.0, 'max': 5263.0}, {'current': 3644.952, 'min': 400.0, 'max': 5743.0}, {'current': 4676.906, 'min': 400.0, 'max': 5423.0}, {'current': 2613.035, 'min': 400.0, 'max': 6228.0}, {'current': 3597.118, 'min': 400.0, 'max': 5903.0}, {'current': 4689.448, 'min': 400.0, 'max': 6228.0}, {'current': 1875.765, 'min': 400.0, 'max': 5583.0}, {'current': 4634.228, 'min': 400.0, 'max': 6067.0}, {'current': 2342.704, 'min': 400.0, 'max': 5263.0}, {'current': 3188.951, 'min': 400.0, 'max': 5743.0}, {'current': 2709.216, 'min': 400.0, 'max': 5423.0}, {'current': 1995.606, 'min': 400.0, 'max': 6228.0}, {'current': 4299.791, 'min': 400.0, 'max': 5903.0}, {'current': 3116.483, 'min': 400.0, 'max': 6228.0}, {'current': 4685.408, 'min': 400.0, 'max': 5583.0}, {'current': 4675.305, 'min': 400.0, 'max': 6067.0}], 'disk': {'/': {'total': 431.4849548339844, 'used': 307.2794380187988}}, 'gpu': 'NVIDIA GeForce RTX 4060 Laptop GPU', 'gpu_count': 1, 'gpu_devices': [{'name': 'NVIDIA GeForce RTX 4060 Laptop GPU', 'memory_total': 8585740288}], 'memory': {'total': 14.83920669555664}}
2024-07-21 18:45:48,980 INFO    HandlerThread:217011 [system_monitor.py:probe():224] Finished collecting system info
2024-07-21 18:45:48,980 INFO    HandlerThread:217011 [system_monitor.py:probe():227] Publishing system info
2024-07-21 18:45:48,980 DEBUG   HandlerThread:217011 [system_info.py:_save_conda():209] Saving list of conda packages installed into the current environment
2024-07-21 18:45:49,859 INFO    Thread-64 :217011 [dir_watcher.py:_on_file_created():271] file/dir created: /home/tzikos/Desktop/KULeuvenThesis/wandb/run-20240721_184547-fuv9cxmm/files/conda-environment.yaml
2024-07-21 18:45:51,752 DEBUG   HandlerThread:217011 [system_info.py:_save_conda():224] Saving conda packages done
2024-07-21 18:45:51,754 INFO    HandlerThread:217011 [system_monitor.py:probe():229] Finished publishing system info
2024-07-21 18:45:51,755 DEBUG   SenderThread:217011 [sender.py:send():379] send: files
2024-07-21 18:45:51,755 INFO    SenderThread:217011 [sender.py:_save_file():1454] saving file wandb-metadata.json with policy now
2024-07-21 18:45:51,852 INFO    Thread-64 :217011 [dir_watcher.py:_on_file_modified():288] file/dir modified: /home/tzikos/Desktop/KULeuvenThesis/wandb/run-20240721_184547-fuv9cxmm/files/conda-environment.yaml
2024-07-21 18:45:51,853 INFO    Thread-64 :217011 [dir_watcher.py:_on_file_created():271] file/dir created: /home/tzikos/Desktop/KULeuvenThesis/wandb/run-20240721_184547-fuv9cxmm/files/wandb-metadata.json
2024-07-21 18:45:51,895 DEBUG   HandlerThread:217011 [handler.py:handle_request():158] handle_request: python_packages
2024-07-21 18:45:51,896 DEBUG   SenderThread:217011 [sender.py:send_request():406] send_request: python_packages
2024-07-21 18:45:51,896 DEBUG   HandlerThread:217011 [handler.py:handle_request():158] handle_request: stop_status
2024-07-21 18:45:51,897 DEBUG   SenderThread:217011 [sender.py:send_request():406] send_request: stop_status
2024-07-21 18:45:51,900 DEBUG   HandlerThread:217011 [handler.py:handle_request():158] handle_request: internal_messages
2024-07-21 18:45:52,289 DEBUG   SenderThread:217011 [sender.py:send():379] send: telemetry
2024-07-21 18:45:52,290 DEBUG   SenderThread:217011 [sender.py:send():379] send: run
2024-07-21 18:45:52,394 INFO    wandb-upload_0:217011 [upload_job.py:push():130] Uploaded file /tmp/tmpmxs444srwandb/e1vr4vmy-wandb-metadata.json
2024-07-21 18:45:52,456 INFO    SenderThread:217011 [sender.py:send_run():1035] updated run: fuv9cxmm
2024-07-21 18:45:52,853 INFO    Thread-64 :217011 [dir_watcher.py:_on_file_modified():288] file/dir modified: /home/tzikos/Desktop/KULeuvenThesis/wandb/run-20240721_184547-fuv9cxmm/files/config.yaml
2024-07-21 18:45:52,853 INFO    Thread-64 :217011 [dir_watcher.py:_on_file_created():271] file/dir created: /home/tzikos/Desktop/KULeuvenThesis/wandb/run-20240721_184547-fuv9cxmm/files/requirements.txt
2024-07-21 18:45:52,898 DEBUG   HandlerThread:217011 [handler.py:handle_request():158] handle_request: internal_messages
2024-07-21 18:45:53,457 DEBUG   HandlerThread:217011 [handler.py:handle_request():158] handle_request: status_report
2024-07-21 18:45:53,898 DEBUG   HandlerThread:217011 [handler.py:handle_request():158] handle_request: internal_messages
2024-07-21 18:45:54,898 DEBUG   HandlerThread:217011 [handler.py:handle_request():158] handle_request: internal_messages
2024-07-21 18:45:55,898 DEBUG   HandlerThread:217011 [handler.py:handle_request():158] handle_request: internal_messages
2024-07-21 18:45:56,899 DEBUG   HandlerThread:217011 [handler.py:handle_request():158] handle_request: internal_messages
2024-07-21 18:45:57,899 DEBUG   HandlerThread:217011 [handler.py:handle_request():158] handle_request: internal_messages
2024-07-21 18:45:58,899 DEBUG   HandlerThread:217011 [handler.py:handle_request():158] handle_request: internal_messages
2024-07-21 18:45:58,899 DEBUG   HandlerThread:217011 [handler.py:handle_request():158] handle_request: status_report
2024-07-21 18:45:59,173 DEBUG   HandlerThread:217011 [handler.py:handle_request():158] handle_request: partial_history
2024-07-21 18:45:59,174 DEBUG   HandlerThread:217011 [handler.py:handle_request():158] handle_request: partial_history
2024-07-21 18:45:59,174 DEBUG   HandlerThread:217011 [handler.py:handle_request():158] handle_request: partial_history
2024-07-21 18:45:59,174 DEBUG   HandlerThread:217011 [handler.py:handle_request():158] handle_request: partial_history
2024-07-21 18:45:59,174 DEBUG   HandlerThread:217011 [handler.py:handle_request():158] handle_request: partial_history
2024-07-21 18:45:59,175 DEBUG   SenderThread:217011 [sender.py:send():379] send: telemetry
2024-07-21 18:45:59,384 DEBUG   HandlerThread:217011 [handler.py:handle_request():158] handle_request: log_artifact
2024-07-21 18:45:59,385 DEBUG   SenderThread:217011 [sender.py:send_request():406] send_request: log_artifact
2024-07-21 18:45:59,402 DEBUG   HandlerThread:217011 [handler.py:handle_request():158] handle_request: partial_history
2024-07-21 18:45:59,476 DEBUG   HandlerThread:217011 [handler.py:handle_request():158] handle_request: partial_history
2024-07-21 18:45:59,738 DEBUG   HandlerThread:217011 [handler.py:handle_request():158] handle_request: log_artifact
2024-07-21 18:45:59,757 DEBUG   HandlerThread:217011 [handler.py:handle_request():158] handle_request: partial_history
2024-07-21 18:45:59,832 DEBUG   HandlerThread:217011 [handler.py:handle_request():158] handle_request: partial_history
2024-07-21 18:45:59,832 DEBUG   HandlerThread:217011 [handler.py:handle_request():158] handle_request: partial_history
2024-07-21 18:45:59,833 DEBUG   HandlerThread:217011 [handler.py:handle_request():158] handle_request: partial_history
2024-07-21 18:45:59,857 INFO    Thread-64 :217011 [dir_watcher.py:_on_file_created():271] file/dir created: /home/tzikos/Desktop/KULeuvenThesis/wandb/run-20240721_184547-fuv9cxmm/files/media/images/Training Confusion Matrix Heatmap_1_30bb4827a41b9565483a.png
2024-07-21 18:45:59,857 INFO    Thread-64 :217011 [dir_watcher.py:_on_file_created():271] file/dir created: /home/tzikos/Desktop/KULeuvenThesis/wandb/run-20240721_184547-fuv9cxmm/files/media/images/Validation Confusion Matrix Heatmap_1_83d1e2a48015e6cfcb5e.png
2024-07-21 18:45:59,858 INFO    Thread-64 :217011 [dir_watcher.py:_on_file_created():271] file/dir created: /home/tzikos/Desktop/KULeuvenThesis/wandb/run-20240721_184547-fuv9cxmm/files/media/table/Validation Confusion Matrix_1_0c635457ec6164c7ae8e.table.json
2024-07-21 18:45:59,858 INFO    Thread-64 :217011 [dir_watcher.py:_on_file_created():271] file/dir created: /home/tzikos/Desktop/KULeuvenThesis/wandb/run-20240721_184547-fuv9cxmm/files/output.log
2024-07-21 18:45:59,858 INFO    Thread-64 :217011 [dir_watcher.py:_on_file_created():271] file/dir created: /home/tzikos/Desktop/KULeuvenThesis/wandb/run-20240721_184547-fuv9cxmm/files/media/table/Training Confusion Matrix_1_7807474bf50cefb5caf8.table.json
2024-07-21 18:45:59,858 INFO    Thread-64 :217011 [dir_watcher.py:_on_file_created():271] file/dir created: /home/tzikos/Desktop/KULeuvenThesis/wandb/run-20240721_184547-fuv9cxmm/files/media/images
2024-07-21 18:45:59,858 INFO    Thread-64 :217011 [dir_watcher.py:_on_file_created():271] file/dir created: /home/tzikos/Desktop/KULeuvenThesis/wandb/run-20240721_184547-fuv9cxmm/files/media/table
2024-07-21 18:45:59,859 INFO    Thread-64 :217011 [dir_watcher.py:_on_file_created():271] file/dir created: /home/tzikos/Desktop/KULeuvenThesis/wandb/run-20240721_184547-fuv9cxmm/files/media
2024-07-21 18:45:59,904 DEBUG   HandlerThread:217011 [handler.py:handle_request():158] handle_request: internal_messages
2024-07-21 18:46:00,332 INFO    wandb-upload_0:217011 [upload_job.py:push():130] Uploaded file /tmp/tmpmxs444srwandb/5t6u6z7u-media/images/Training Confusion Matrix Heatmap_1_30bb4827a41b9565483a.png
2024-07-21 18:46:00,359 INFO    wandb-upload_2:217011 [upload_job.py:push():130] Uploaded file /tmp/tmpmxs444srwandb/u7b8wuq7-media/table/Validation Confusion Matrix_1_0c635457ec6164c7ae8e.table.json
2024-07-21 18:46:00,360 INFO    wandb-upload_3:217011 [upload_job.py:push():130] Uploaded file /tmp/tmpmxs444srwandb/pl7ycdat-media/table/Training Confusion Matrix_1_7807474bf50cefb5caf8.table.json
2024-07-21 18:46:00,488 INFO    wandb-upload_1:217011 [upload_job.py:push():130] Uploaded file /tmp/tmpmxs444srwandb/zpqdtivx-media/images/Validation Confusion Matrix Heatmap_1_83d1e2a48015e6cfcb5e.png
2024-07-21 18:46:00,904 DEBUG   HandlerThread:217011 [handler.py:handle_request():158] handle_request: internal_messages
2024-07-21 18:46:01,175 INFO    wandb-upload_4:217011 [upload_job.py:push():88] Uploaded file /home/tzikos/.local/share/wandb/artifacts/staging/tmpszqola68
2024-07-21 18:46:01,850 INFO    SenderThread:217011 [sender.py:send_request_log_artifact():1518] logged artifact run-fuv9cxmm-TrainingConfusionMatrix - {'id': 'QXJ0aWZhY3Q6MTAxMzE2ODQyOQ==', 'state': 'PENDING', 'artifactSequence': {'id': 'QXJ0aWZhY3RDb2xsZWN0aW9uOjMwMTE4NjczOA==', 'latestArtifact': None}}
2024-07-21 18:46:01,850 DEBUG   SenderThread:217011 [sender.py:send():379] send: files
2024-07-21 18:46:01,850 INFO    SenderThread:217011 [sender.py:_save_file():1454] saving file media/table/Training Confusion Matrix_1_7807474bf50cefb5caf8.table.json with policy now
2024-07-21 18:46:01,851 DEBUG   SenderThread:217011 [sender.py:send():379] send: files
2024-07-21 18:46:01,851 INFO    SenderThread:217011 [sender.py:_save_file():1454] saving file media/images/Training Confusion Matrix Heatmap_1_30bb4827a41b9565483a.png with policy now
2024-07-21 18:46:01,852 DEBUG   SenderThread:217011 [sender.py:send_request():406] send_request: log_artifact
2024-07-21 18:46:01,865 INFO    Thread-64 :217011 [dir_watcher.py:_on_file_modified():288] file/dir modified: /home/tzikos/Desktop/KULeuvenThesis/wandb/run-20240721_184547-fuv9cxmm/files/output.log
2024-07-21 18:46:01,944 DEBUG   HandlerThread:217011 [handler.py:handle_request():158] handle_request: internal_messages
2024-07-21 18:46:02,284 INFO    wandb-upload_0:217011 [upload_job.py:push():130] Uploaded file /tmp/tmpmxs444srwandb/zha7oxvp-media/table/Training Confusion Matrix_1_7807474bf50cefb5caf8.table.json
2024-07-21 18:46:02,396 INFO    wandb-upload_3:217011 [upload_job.py:push():130] Uploaded file /tmp/tmpmxs444srwandb/ghgg9q0g-media/images/Training Confusion Matrix Heatmap_1_30bb4827a41b9565483a.png
2024-07-21 18:46:02,905 DEBUG   HandlerThread:217011 [handler.py:handle_request():158] handle_request: internal_messages
2024-07-21 18:46:03,375 INFO    wandb-upload_4:217011 [upload_job.py:push():88] Uploaded file /home/tzikos/.local/share/wandb/artifacts/staging/tmp5x68wd15
2024-07-21 18:46:03,916 DEBUG   HandlerThread:217011 [handler.py:handle_request():158] handle_request: internal_messages
2024-07-21 18:46:04,047 INFO    SenderThread:217011 [sender.py:send_request_log_artifact():1518] logged artifact run-fuv9cxmm-ValidationConfusionMatrix - {'id': 'QXJ0aWZhY3Q6MTAxMzE2ODU1MQ==', 'state': 'PENDING', 'artifactSequence': {'id': 'QXJ0aWZhY3RDb2xsZWN0aW9uOjMwMTE4Njg0NA==', 'latestArtifact': None}}
2024-07-21 18:46:04,047 DEBUG   SenderThread:217011 [sender.py:send():379] send: files
2024-07-21 18:46:04,047 INFO    SenderThread:217011 [sender.py:_save_file():1454] saving file media/table/Validation Confusion Matrix_1_0c635457ec6164c7ae8e.table.json with policy now
2024-07-21 18:46:04,047 DEBUG   HandlerThread:217011 [handler.py:handle_request():158] handle_request: status_report
2024-07-21 18:46:04,048 DEBUG   SenderThread:217011 [sender.py:send():379] send: files
2024-07-21 18:46:04,048 INFO    SenderThread:217011 [sender.py:_save_file():1454] saving file media/images/Validation Confusion Matrix Heatmap_1_83d1e2a48015e6cfcb5e.png with policy now
2024-07-21 18:46:04,486 INFO    wandb-upload_1:217011 [upload_job.py:push():130] Uploaded file /tmp/tmpmxs444srwandb/81rlotu5-media/table/Validation Confusion Matrix_1_0c635457ec6164c7ae8e.table.json
2024-07-21 18:46:04,613 INFO    wandb-upload_0:217011 [upload_job.py:push():130] Uploaded file /tmp/tmpmxs444srwandb/zhtnr2y7-media/images/Validation Confusion Matrix Heatmap_1_83d1e2a48015e6cfcb5e.png
2024-07-21 18:46:04,917 DEBUG   HandlerThread:217011 [handler.py:handle_request():158] handle_request: internal_messages
2024-07-21 18:46:05,868 INFO    Thread-64 :217011 [dir_watcher.py:_on_file_modified():288] file/dir modified: /home/tzikos/Desktop/KULeuvenThesis/wandb/run-20240721_184547-fuv9cxmm/files/output.log
2024-07-21 18:46:05,916 DEBUG   HandlerThread:217011 [handler.py:handle_request():158] handle_request: internal_messages
2024-07-21 18:46:06,897 DEBUG   HandlerThread:217011 [handler.py:handle_request():158] handle_request: stop_status
2024-07-21 18:46:06,898 DEBUG   SenderThread:217011 [sender.py:send_request():406] send_request: stop_status
2024-07-21 18:46:06,941 DEBUG   HandlerThread:217011 [handler.py:handle_request():158] handle_request: internal_messages
2024-07-21 18:46:07,189 DEBUG   HandlerThread:217011 [handler.py:handle_request():158] handle_request: partial_history
2024-07-21 18:46:07,191 DEBUG   HandlerThread:217011 [handler.py:handle_request():158] handle_request: partial_history
2024-07-21 18:46:07,191 DEBUG   HandlerThread:217011 [handler.py:handle_request():158] handle_request: partial_history
2024-07-21 18:46:07,191 DEBUG   HandlerThread:217011 [handler.py:handle_request():158] handle_request: partial_history
2024-07-21 18:46:07,192 DEBUG   HandlerThread:217011 [handler.py:handle_request():158] handle_request: partial_history
2024-07-21 18:46:07,193 DEBUG   SenderThread:217011 [sender.py:send():379] send: history
2024-07-21 18:46:07,193 DEBUG   SenderThread:217011 [sender.py:send_request():406] send_request: summary_record
2024-07-21 18:46:07,195 INFO    SenderThread:217011 [sender.py:_save_file():1454] saving file wandb-summary.json with policy end
2024-07-21 18:46:07,379 DEBUG   HandlerThread:217011 [handler.py:handle_request():158] handle_request: log_artifact
2024-07-21 18:46:07,380 DEBUG   SenderThread:217011 [sender.py:send_request():406] send_request: log_artifact
2024-07-21 18:46:07,398 DEBUG   HandlerThread:217011 [handler.py:handle_request():158] handle_request: partial_history
2024-07-21 18:46:07,472 DEBUG   HandlerThread:217011 [handler.py:handle_request():158] handle_request: partial_history
2024-07-21 18:46:07,694 DEBUG   HandlerThread:217011 [handler.py:handle_request():158] handle_request: log_artifact
2024-07-21 18:46:07,714 DEBUG   HandlerThread:217011 [handler.py:handle_request():158] handle_request: partial_history
2024-07-21 18:46:07,786 DEBUG   HandlerThread:217011 [handler.py:handle_request():158] handle_request: partial_history
2024-07-21 18:46:07,786 DEBUG   HandlerThread:217011 [handler.py:handle_request():158] handle_request: partial_history
2024-07-21 18:46:07,787 DEBUG   HandlerThread:217011 [handler.py:handle_request():158] handle_request: partial_history
2024-07-21 18:46:07,870 INFO    Thread-64 :217011 [dir_watcher.py:_on_file_created():271] file/dir created: /home/tzikos/Desktop/KULeuvenThesis/wandb/run-20240721_184547-fuv9cxmm/files/wandb-summary.json
2024-07-21 18:46:07,870 INFO    Thread-64 :217011 [dir_watcher.py:_on_file_created():271] file/dir created: /home/tzikos/Desktop/KULeuvenThesis/wandb/run-20240721_184547-fuv9cxmm/files/media/images/Validation Confusion Matrix Heatmap_2_934ab12ee93406d173b0.png
2024-07-21 18:46:07,870 INFO    Thread-64 :217011 [dir_watcher.py:_on_file_created():271] file/dir created: /home/tzikos/Desktop/KULeuvenThesis/wandb/run-20240721_184547-fuv9cxmm/files/media/images/Training Confusion Matrix Heatmap_2_75cfd4af9c885bb10aee.png
2024-07-21 18:46:07,871 INFO    Thread-64 :217011 [dir_watcher.py:_on_file_created():271] file/dir created: /home/tzikos/Desktop/KULeuvenThesis/wandb/run-20240721_184547-fuv9cxmm/files/media/table/Training Confusion Matrix_2_c2b1dd38a93f2c87a75a.table.json
2024-07-21 18:46:07,871 INFO    Thread-64 :217011 [dir_watcher.py:_on_file_created():271] file/dir created: /home/tzikos/Desktop/KULeuvenThesis/wandb/run-20240721_184547-fuv9cxmm/files/media/table/Validation Confusion Matrix_2_de3193ecb0385e3d1257.table.json
2024-07-21 18:46:07,872 INFO    Thread-64 :217011 [dir_watcher.py:_on_file_modified():288] file/dir modified: /home/tzikos/Desktop/KULeuvenThesis/wandb/run-20240721_184547-fuv9cxmm/files/media/images
2024-07-21 18:46:07,872 INFO    Thread-64 :217011 [dir_watcher.py:_on_file_modified():288] file/dir modified: /home/tzikos/Desktop/KULeuvenThesis/wandb/run-20240721_184547-fuv9cxmm/files/media/table
2024-07-21 18:46:07,937 DEBUG   HandlerThread:217011 [handler.py:handle_request():158] handle_request: internal_messages
2024-07-21 18:46:08,259 INFO    wandb-upload_2:217011 [upload_job.py:push():130] Uploaded file /tmp/tmpmxs444srwandb/8mdzstiu-media/table/Validation Confusion Matrix_2_de3193ecb0385e3d1257.table.json
2024-07-21 18:46:08,270 INFO    wandb-upload_1:217011 [upload_job.py:push():130] Uploaded file /tmp/tmpmxs444srwandb/dboot93m-media/table/Training Confusion Matrix_2_c2b1dd38a93f2c87a75a.table.json
2024-07-21 18:46:08,339 INFO    wandb-upload_3:217011 [upload_job.py:push():130] Uploaded file /tmp/tmpmxs444srwandb/o9uds06h-media/images/Validation Confusion Matrix Heatmap_2_934ab12ee93406d173b0.png
2024-07-21 18:46:08,350 INFO    wandb-upload_0:217011 [upload_job.py:push():130] Uploaded file /tmp/tmpmxs444srwandb/cgb00a84-media/images/Training Confusion Matrix Heatmap_2_75cfd4af9c885bb10aee.png
2024-07-21 18:46:08,849 INFO    wandb-upload_4:217011 [upload_job.py:push():88] Uploaded file /home/tzikos/.local/share/wandb/artifacts/staging/tmpk_f6iohe
2024-07-21 18:46:08,936 DEBUG   HandlerThread:217011 [handler.py:handle_request():158] handle_request: internal_messages
2024-07-21 18:46:09,585 INFO    SenderThread:217011 [sender.py:send_request_log_artifact():1518] logged artifact run-fuv9cxmm-TrainingConfusionMatrix - {'id': 'QXJ0aWZhY3Q6MTAxMzE2ODg2Mw==', 'state': 'PENDING', 'artifactSequence': {'id': 'QXJ0aWZhY3RDb2xsZWN0aW9uOjMwMTE4NjczOA==', 'latestArtifact': {'id': 'QXJ0aWZhY3Q6MTAxMzE2ODQyOQ==', 'versionIndex': 0}}}
2024-07-21 18:46:09,585 DEBUG   SenderThread:217011 [sender.py:send():379] send: files
2024-07-21 18:46:09,586 INFO    SenderThread:217011 [sender.py:_save_file():1454] saving file media/table/Training Confusion Matrix_2_c2b1dd38a93f2c87a75a.table.json with policy now
2024-07-21 18:46:09,586 DEBUG   HandlerThread:217011 [handler.py:handle_request():158] handle_request: status_report
2024-07-21 18:46:09,587 DEBUG   SenderThread:217011 [sender.py:send():379] send: files
2024-07-21 18:46:09,587 INFO    SenderThread:217011 [sender.py:_save_file():1454] saving file media/images/Training Confusion Matrix Heatmap_2_75cfd4af9c885bb10aee.png with policy now
2024-07-21 18:46:09,587 DEBUG   SenderThread:217011 [sender.py:send_request():406] send_request: log_artifact
2024-07-21 18:46:09,871 INFO    Thread-64 :217011 [dir_watcher.py:_on_file_modified():288] file/dir modified: /home/tzikos/Desktop/KULeuvenThesis/wandb/run-20240721_184547-fuv9cxmm/files/output.log
2024-07-21 18:46:09,936 DEBUG   HandlerThread:217011 [handler.py:handle_request():158] handle_request: internal_messages
2024-07-21 18:46:10,020 INFO    wandb-upload_2:217011 [upload_job.py:push():130] Uploaded file /tmp/tmpmxs444srwandb/v46mq6il-media/table/Training Confusion Matrix_2_c2b1dd38a93f2c87a75a.table.json
2024-07-21 18:46:10,112 INFO    wandb-upload_3:217011 [upload_job.py:push():130] Uploaded file /tmp/tmpmxs444srwandb/vnhcmm6a-media/images/Training Confusion Matrix Heatmap_2_75cfd4af9c885bb10aee.png
2024-07-21 18:46:10,524 INFO    wandb-upload_4:217011 [upload_job.py:push():88] Uploaded file /home/tzikos/.local/share/wandb/artifacts/staging/tmpxwczelnz
2024-07-21 18:46:10,936 DEBUG   HandlerThread:217011 [handler.py:handle_request():158] handle_request: internal_messages
2024-07-21 18:46:11,229 INFO    SenderThread:217011 [sender.py:send_request_log_artifact():1518] logged artifact run-fuv9cxmm-ValidationConfusionMatrix - {'id': 'QXJ0aWZhY3Q6MTAxMzE2ODk2OA==', 'state': 'PENDING', 'artifactSequence': {'id': 'QXJ0aWZhY3RDb2xsZWN0aW9uOjMwMTE4Njg0NA==', 'latestArtifact': {'id': 'QXJ0aWZhY3Q6MTAxMzE2ODU1MQ==', 'versionIndex': 0}}}
2024-07-21 18:46:11,229 DEBUG   SenderThread:217011 [sender.py:send():379] send: files
2024-07-21 18:46:11,229 INFO    SenderThread:217011 [sender.py:_save_file():1454] saving file media/table/Validation Confusion Matrix_2_de3193ecb0385e3d1257.table.json with policy now
2024-07-21 18:46:11,230 DEBUG   SenderThread:217011 [sender.py:send():379] send: files
2024-07-21 18:46:11,230 INFO    SenderThread:217011 [sender.py:_save_file():1454] saving file media/images/Validation Confusion Matrix Heatmap_2_934ab12ee93406d173b0.png with policy now
2024-07-21 18:46:11,660 INFO    wandb-upload_0:217011 [upload_job.py:push():130] Uploaded file /tmp/tmpmxs444srwandb/41jzasn5-media/table/Validation Confusion Matrix_2_de3193ecb0385e3d1257.table.json
2024-07-21 18:46:11,800 INFO    wandb-upload_2:217011 [upload_job.py:push():130] Uploaded file /tmp/tmpmxs444srwandb/gqsnajft-media/images/Validation Confusion Matrix Heatmap_2_934ab12ee93406d173b0.png
2024-07-21 18:46:11,936 DEBUG   HandlerThread:217011 [handler.py:handle_request():158] handle_request: internal_messages
2024-07-21 18:46:12,937 DEBUG   HandlerThread:217011 [handler.py:handle_request():158] handle_request: internal_messages
2024-07-21 18:46:13,874 INFO    Thread-64 :217011 [dir_watcher.py:_on_file_modified():288] file/dir modified: /home/tzikos/Desktop/KULeuvenThesis/wandb/run-20240721_184547-fuv9cxmm/files/output.log
2024-07-21 18:46:13,937 DEBUG   HandlerThread:217011 [handler.py:handle_request():158] handle_request: internal_messages
2024-07-21 18:46:14,899 DEBUG   HandlerThread:217011 [handler.py:handle_request():158] handle_request: status_report
2024-07-21 18:46:14,937 DEBUG   HandlerThread:217011 [handler.py:handle_request():158] handle_request: internal_messages
2024-07-21 18:46:15,297 DEBUG   HandlerThread:217011 [handler.py:handle_request():158] handle_request: partial_history
2024-07-21 18:46:15,298 DEBUG   HandlerThread:217011 [handler.py:handle_request():158] handle_request: partial_history
2024-07-21 18:46:15,299 DEBUG   HandlerThread:217011 [handler.py:handle_request():158] handle_request: partial_history
2024-07-21 18:46:15,299 DEBUG   HandlerThread:217011 [handler.py:handle_request():158] handle_request: partial_history
2024-07-21 18:46:15,299 DEBUG   HandlerThread:217011 [handler.py:handle_request():158] handle_request: partial_history
2024-07-21 18:46:15,299 DEBUG   SenderThread:217011 [sender.py:send():379] send: history
2024-07-21 18:46:15,300 DEBUG   SenderThread:217011 [sender.py:send_request():406] send_request: summary_record
2024-07-21 18:46:15,302 INFO    SenderThread:217011 [sender.py:_save_file():1454] saving file wandb-summary.json with policy end
2024-07-21 18:46:15,513 DEBUG   HandlerThread:217011 [handler.py:handle_request():158] handle_request: log_artifact
2024-07-21 18:46:15,513 DEBUG   SenderThread:217011 [sender.py:send_request():406] send_request: log_artifact
2024-07-21 18:46:15,531 DEBUG   HandlerThread:217011 [handler.py:handle_request():158] handle_request: partial_history
2024-07-21 18:46:15,608 DEBUG   HandlerThread:217011 [handler.py:handle_request():158] handle_request: partial_history
2024-07-21 18:46:15,872 DEBUG   HandlerThread:217011 [handler.py:handle_request():158] handle_request: log_artifact
2024-07-21 18:46:15,875 INFO    Thread-64 :217011 [dir_watcher.py:_on_file_modified():288] file/dir modified: /home/tzikos/Desktop/KULeuvenThesis/wandb/run-20240721_184547-fuv9cxmm/files/wandb-summary.json
2024-07-21 18:46:15,876 INFO    Thread-64 :217011 [dir_watcher.py:_on_file_created():271] file/dir created: /home/tzikos/Desktop/KULeuvenThesis/wandb/run-20240721_184547-fuv9cxmm/files/media/table/Validation Confusion Matrix_3_4366ab58108f0ba97af4.table.json
2024-07-21 18:46:15,876 INFO    Thread-64 :217011 [dir_watcher.py:_on_file_created():271] file/dir created: /home/tzikos/Desktop/KULeuvenThesis/wandb/run-20240721_184547-fuv9cxmm/files/media/table/Training Confusion Matrix_3_dd8b0b55aff3f74836f5.table.json
2024-07-21 18:46:15,876 INFO    Thread-64 :217011 [dir_watcher.py:_on_file_created():271] file/dir created: /home/tzikos/Desktop/KULeuvenThesis/wandb/run-20240721_184547-fuv9cxmm/files/media/images/Training Confusion Matrix Heatmap_3_3fac56c6a859ac1a2b98.png
2024-07-21 18:46:15,877 INFO    Thread-64 :217011 [dir_watcher.py:_on_file_modified():288] file/dir modified: /home/tzikos/Desktop/KULeuvenThesis/wandb/run-20240721_184547-fuv9cxmm/files/media/images
2024-07-21 18:46:15,877 INFO    Thread-64 :217011 [dir_watcher.py:_on_file_modified():288] file/dir modified: /home/tzikos/Desktop/KULeuvenThesis/wandb/run-20240721_184547-fuv9cxmm/files/media/table
2024-07-21 18:46:15,890 DEBUG   HandlerThread:217011 [handler.py:handle_request():158] handle_request: partial_history
2024-07-21 18:46:15,937 DEBUG   HandlerThread:217011 [handler.py:handle_request():158] handle_request: internal_messages
2024-07-21 18:46:16,009 DEBUG   HandlerThread:217011 [handler.py:handle_request():158] handle_request: partial_history
2024-07-21 18:46:16,009 DEBUG   HandlerThread:217011 [handler.py:handle_request():158] handle_request: partial_history
2024-07-21 18:46:16,009 DEBUG   HandlerThread:217011 [handler.py:handle_request():158] handle_request: partial_history
2024-07-21 18:46:16,253 INFO    wandb-upload_4:217011 [upload_job.py:push():130] Uploaded file /tmp/tmpmxs444srwandb/6pai7qod-media/table/Validation Confusion Matrix_3_4366ab58108f0ba97af4.table.json
2024-07-21 18:46:16,315 INFO    wandb-upload_3:217011 [upload_job.py:push():130] Uploaded file /tmp/tmpmxs444srwandb/thjl1uw7-media/table/Training Confusion Matrix_3_dd8b0b55aff3f74836f5.table.json
2024-07-21 18:46:16,360 INFO    wandb-upload_2:217011 [upload_job.py:push():130] Uploaded file /tmp/tmpmxs444srwandb/ocr9mnm6-media/images/Training Confusion Matrix Heatmap_3_3fac56c6a859ac1a2b98.png
2024-07-21 18:46:16,466 INFO    wandb-upload_0:217011 [upload_job.py:push():88] Uploaded file /home/tzikos/.local/share/wandb/artifacts/staging/tmp5lcl3fjt
2024-07-21 18:46:16,876 INFO    Thread-64 :217011 [dir_watcher.py:_on_file_created():271] file/dir created: /home/tzikos/Desktop/KULeuvenThesis/wandb/run-20240721_184547-fuv9cxmm/files/media/images/Validation Confusion Matrix Heatmap_3_155c210b7ae3d8b48bf0.png
2024-07-21 18:46:16,877 INFO    Thread-64 :217011 [dir_watcher.py:_on_file_modified():288] file/dir modified: /home/tzikos/Desktop/KULeuvenThesis/wandb/run-20240721_184547-fuv9cxmm/files/media/images
2024-07-21 18:46:16,937 DEBUG   HandlerThread:217011 [handler.py:handle_request():158] handle_request: internal_messages
2024-07-21 18:46:17,223 INFO    SenderThread:217011 [sender.py:send_request_log_artifact():1518] logged artifact run-fuv9cxmm-TrainingConfusionMatrix - {'id': 'QXJ0aWZhY3Q6MTAxMzE2OTI2Ng==', 'state': 'PENDING', 'artifactSequence': {'id': 'QXJ0aWZhY3RDb2xsZWN0aW9uOjMwMTE4NjczOA==', 'latestArtifact': {'id': 'QXJ0aWZhY3Q6MTAxMzE2ODg2Mw==', 'versionIndex': 1}}}
2024-07-21 18:46:17,223 DEBUG   SenderThread:217011 [sender.py:send():379] send: files
2024-07-21 18:46:17,223 INFO    SenderThread:217011 [sender.py:_save_file():1454] saving file media/table/Training Confusion Matrix_3_dd8b0b55aff3f74836f5.table.json with policy now
2024-07-21 18:46:17,224 DEBUG   SenderThread:217011 [sender.py:send():379] send: files
2024-07-21 18:46:17,224 INFO    SenderThread:217011 [sender.py:_save_file():1454] saving file media/images/Training Confusion Matrix Heatmap_3_3fac56c6a859ac1a2b98.png with policy now
2024-07-21 18:46:17,224 DEBUG   SenderThread:217011 [sender.py:send_request():406] send_request: log_artifact
2024-07-21 18:46:17,660 INFO    wandb-upload_3:217011 [upload_job.py:push():130] Uploaded file /tmp/tmpmxs444srwandb/9aztg0r3-media/table/Training Confusion Matrix_3_dd8b0b55aff3f74836f5.table.json
2024-07-21 18:46:17,739 INFO    wandb-upload_1:217011 [upload_job.py:push():130] Uploaded file /tmp/tmpmxs444srwandb/uqm4l524-media/images/Validation Confusion Matrix Heatmap_3_155c210b7ae3d8b48bf0.png
2024-07-21 18:46:17,756 INFO    wandb-upload_0:217011 [upload_job.py:push():130] Uploaded file /tmp/tmpmxs444srwandb/tapl3zby-media/images/Training Confusion Matrix Heatmap_3_3fac56c6a859ac1a2b98.png
2024-07-21 18:46:17,877 INFO    Thread-64 :217011 [dir_watcher.py:_on_file_modified():288] file/dir modified: /home/tzikos/Desktop/KULeuvenThesis/wandb/run-20240721_184547-fuv9cxmm/files/output.log
2024-07-21 18:46:17,937 DEBUG   HandlerThread:217011 [handler.py:handle_request():158] handle_request: internal_messages
2024-07-21 18:46:18,176 INFO    wandb-upload_2:217011 [upload_job.py:push():88] Uploaded file /home/tzikos/.local/share/wandb/artifacts/staging/tmpa1_hi4_w
2024-07-21 18:46:18,893 INFO    SenderThread:217011 [sender.py:send_request_log_artifact():1518] logged artifact run-fuv9cxmm-ValidationConfusionMatrix - {'id': 'QXJ0aWZhY3Q6MTAxMzE2OTM0NA==', 'state': 'PENDING', 'artifactSequence': {'id': 'QXJ0aWZhY3RDb2xsZWN0aW9uOjMwMTE4Njg0NA==', 'latestArtifact': {'id': 'QXJ0aWZhY3Q6MTAxMzE2ODk2OA==', 'versionIndex': 1}}}
2024-07-21 18:46:18,893 DEBUG   SenderThread:217011 [sender.py:send():379] send: files
2024-07-21 18:46:18,893 INFO    SenderThread:217011 [sender.py:_save_file():1454] saving file media/table/Validation Confusion Matrix_3_4366ab58108f0ba97af4.table.json with policy now
2024-07-21 18:46:18,894 DEBUG   SenderThread:217011 [sender.py:send():379] send: files
2024-07-21 18:46:18,894 INFO    SenderThread:217011 [sender.py:_save_file():1454] saving file media/images/Validation Confusion Matrix Heatmap_3_155c210b7ae3d8b48bf0.png with policy now
2024-07-21 18:46:18,937 DEBUG   HandlerThread:217011 [handler.py:handle_request():158] handle_request: internal_messages
2024-07-21 18:46:19,313 INFO    wandb-upload_4:217011 [upload_job.py:push():130] Uploaded file /tmp/tmpmxs444srwandb/mv027bqf-media/table/Validation Confusion Matrix_3_4366ab58108f0ba97af4.table.json
2024-07-21 18:46:19,478 INFO    wandb-upload_1:217011 [upload_job.py:push():130] Uploaded file /tmp/tmpmxs444srwandb/cc5oun7c-media/images/Validation Confusion Matrix Heatmap_3_155c210b7ae3d8b48bf0.png
2024-07-21 18:46:19,937 DEBUG   HandlerThread:217011 [handler.py:handle_request():158] handle_request: internal_messages
2024-07-21 18:46:20,900 DEBUG   HandlerThread:217011 [handler.py:handle_request():158] handle_request: status_report
2024-07-21 18:46:20,937 DEBUG   HandlerThread:217011 [handler.py:handle_request():158] handle_request: internal_messages
2024-07-21 18:46:21,882 INFO    Thread-64 :217011 [dir_watcher.py:_on_file_modified():288] file/dir modified: /home/tzikos/Desktop/KULeuvenThesis/wandb/run-20240721_184547-fuv9cxmm/files/config.yaml
2024-07-21 18:46:21,882 INFO    Thread-64 :217011 [dir_watcher.py:_on_file_modified():288] file/dir modified: /home/tzikos/Desktop/KULeuvenThesis/wandb/run-20240721_184547-fuv9cxmm/files/output.log
2024-07-21 18:46:21,897 DEBUG   HandlerThread:217011 [handler.py:handle_request():158] handle_request: stop_status
2024-07-21 18:46:21,898 DEBUG   SenderThread:217011 [sender.py:send_request():406] send_request: stop_status
2024-07-21 18:46:21,941 DEBUG   HandlerThread:217011 [handler.py:handle_request():158] handle_request: internal_messages
2024-07-21 18:46:22,937 DEBUG   HandlerThread:217011 [handler.py:handle_request():158] handle_request: internal_messages
2024-07-21 18:46:23,309 DEBUG   HandlerThread:217011 [handler.py:handle_request():158] handle_request: partial_history
2024-07-21 18:46:23,310 DEBUG   HandlerThread:217011 [handler.py:handle_request():158] handle_request: partial_history
2024-07-21 18:46:23,311 DEBUG   HandlerThread:217011 [handler.py:handle_request():158] handle_request: partial_history
2024-07-21 18:46:23,311 DEBUG   SenderThread:217011 [sender.py:send():379] send: history
2024-07-21 18:46:23,311 DEBUG   HandlerThread:217011 [handler.py:handle_request():158] handle_request: partial_history
2024-07-21 18:46:23,312 DEBUG   SenderThread:217011 [sender.py:send_request():406] send_request: summary_record
2024-07-21 18:46:23,314 DEBUG   HandlerThread:217011 [handler.py:handle_request():158] handle_request: partial_history
2024-07-21 18:46:23,315 INFO    SenderThread:217011 [sender.py:_save_file():1454] saving file wandb-summary.json with policy end
2024-07-21 18:46:23,568 DEBUG   HandlerThread:217011 [handler.py:handle_request():158] handle_request: log_artifact
2024-07-21 18:46:23,569 DEBUG   SenderThread:217011 [sender.py:send_request():406] send_request: log_artifact
2024-07-21 18:46:23,589 DEBUG   HandlerThread:217011 [handler.py:handle_request():158] handle_request: partial_history
2024-07-21 18:46:23,660 DEBUG   HandlerThread:217011 [handler.py:handle_request():158] handle_request: partial_history
2024-07-21 18:46:23,880 DEBUG   HandlerThread:217011 [handler.py:handle_request():158] handle_request: log_artifact
2024-07-21 18:46:23,883 INFO    Thread-64 :217011 [dir_watcher.py:_on_file_modified():288] file/dir modified: /home/tzikos/Desktop/KULeuvenThesis/wandb/run-20240721_184547-fuv9cxmm/files/wandb-summary.json
2024-07-21 18:46:23,883 INFO    Thread-64 :217011 [dir_watcher.py:_on_file_created():271] file/dir created: /home/tzikos/Desktop/KULeuvenThesis/wandb/run-20240721_184547-fuv9cxmm/files/media/images/Training Confusion Matrix Heatmap_4_90fcc9e06c69bbaa0f32.png
2024-07-21 18:46:23,884 INFO    Thread-64 :217011 [dir_watcher.py:_on_file_created():271] file/dir created: /home/tzikos/Desktop/KULeuvenThesis/wandb/run-20240721_184547-fuv9cxmm/files/media/table/Training Confusion Matrix_4_007a37eba9ec04766e3d.table.json
2024-07-21 18:46:23,884 INFO    Thread-64 :217011 [dir_watcher.py:_on_file_created():271] file/dir created: /home/tzikos/Desktop/KULeuvenThesis/wandb/run-20240721_184547-fuv9cxmm/files/media/table/Validation Confusion Matrix_4_9e7ac20e4ce25e143fa3.table.json
2024-07-21 18:46:23,885 INFO    Thread-64 :217011 [dir_watcher.py:_on_file_modified():288] file/dir modified: /home/tzikos/Desktop/KULeuvenThesis/wandb/run-20240721_184547-fuv9cxmm/files/media/images
2024-07-21 18:46:23,885 INFO    Thread-64 :217011 [dir_watcher.py:_on_file_modified():288] file/dir modified: /home/tzikos/Desktop/KULeuvenThesis/wandb/run-20240721_184547-fuv9cxmm/files/media/table
2024-07-21 18:46:23,898 DEBUG   HandlerThread:217011 [handler.py:handle_request():158] handle_request: partial_history
2024-07-21 18:46:23,938 DEBUG   HandlerThread:217011 [handler.py:handle_request():158] handle_request: internal_messages
2024-07-21 18:46:24,013 DEBUG   HandlerThread:217011 [handler.py:handle_request():158] handle_request: partial_history
2024-07-21 18:46:24,013 DEBUG   HandlerThread:217011 [handler.py:handle_request():158] handle_request: partial_history
2024-07-21 18:46:24,013 DEBUG   HandlerThread:217011 [handler.py:handle_request():158] handle_request: partial_history
2024-07-21 18:46:24,269 INFO    wandb-upload_1:217011 [upload_job.py:push():130] Uploaded file /tmp/tmpmxs444srwandb/4o5bsshv-media/table/Validation Confusion Matrix_4_9e7ac20e4ce25e143fa3.table.json
2024-07-21 18:46:24,303 INFO    wandb-upload_0:217011 [upload_job.py:push():130] Uploaded file /tmp/tmpmxs444srwandb/h8pgoxn1-media/table/Training Confusion Matrix_4_007a37eba9ec04766e3d.table.json
2024-07-21 18:46:24,392 INFO    wandb-upload_2:217011 [upload_job.py:push():130] Uploaded file /tmp/tmpmxs444srwandb/tl8nj65o-media/images/Training Confusion Matrix Heatmap_4_90fcc9e06c69bbaa0f32.png
2024-07-21 18:46:24,471 INFO    wandb-upload_4:217011 [upload_job.py:push():88] Uploaded file /home/tzikos/.local/share/wandb/artifacts/staging/tmp6in8ifye
2024-07-21 18:46:24,884 INFO    Thread-64 :217011 [dir_watcher.py:_on_file_created():271] file/dir created: /home/tzikos/Desktop/KULeuvenThesis/wandb/run-20240721_184547-fuv9cxmm/files/media/images/Validation Confusion Matrix Heatmap_4_161c46c5367cc0ef3146.png
2024-07-21 18:46:24,885 INFO    Thread-64 :217011 [dir_watcher.py:_on_file_modified():288] file/dir modified: /home/tzikos/Desktop/KULeuvenThesis/wandb/run-20240721_184547-fuv9cxmm/files/media/images
2024-07-21 18:46:24,939 DEBUG   HandlerThread:217011 [handler.py:handle_request():158] handle_request: internal_messages
2024-07-21 18:46:25,240 INFO    SenderThread:217011 [sender.py:send_request_log_artifact():1518] logged artifact run-fuv9cxmm-TrainingConfusionMatrix - {'id': 'QXJ0aWZhY3Q6MTAxMzE2OTcwOQ==', 'state': 'PENDING', 'artifactSequence': {'id': 'QXJ0aWZhY3RDb2xsZWN0aW9uOjMwMTE4NjczOA==', 'latestArtifact': {'id': 'QXJ0aWZhY3Q6MTAxMzE2OTI2Ng==', 'versionIndex': 2}}}
2024-07-21 18:46:25,241 DEBUG   SenderThread:217011 [sender.py:send():379] send: files
2024-07-21 18:46:25,241 INFO    SenderThread:217011 [sender.py:_save_file():1454] saving file media/table/Training Confusion Matrix_4_007a37eba9ec04766e3d.table.json with policy now
2024-07-21 18:46:25,242 DEBUG   SenderThread:217011 [sender.py:send():379] send: files
2024-07-21 18:46:25,242 INFO    SenderThread:217011 [sender.py:_save_file():1454] saving file media/images/Training Confusion Matrix Heatmap_4_90fcc9e06c69bbaa0f32.png with policy now
2024-07-21 18:46:25,242 DEBUG   SenderThread:217011 [sender.py:send_request():406] send_request: log_artifact
2024-07-21 18:46:25,679 INFO    wandb-upload_0:217011 [upload_job.py:push():130] Uploaded file /tmp/tmpmxs444srwandb/h1vq86us-media/table/Training Confusion Matrix_4_007a37eba9ec04766e3d.table.json
2024-07-21 18:46:25,698 INFO    wandb-upload_3:217011 [upload_job.py:push():130] Uploaded file /tmp/tmpmxs444srwandb/l1blhfb0-media/images/Validation Confusion Matrix Heatmap_4_161c46c5367cc0ef3146.png
2024-07-21 18:46:25,787 INFO    wandb-upload_4:217011 [upload_job.py:push():130] Uploaded file /tmp/tmpmxs444srwandb/5ua3auha-media/images/Training Confusion Matrix Heatmap_4_90fcc9e06c69bbaa0f32.png
2024-07-21 18:46:25,886 INFO    Thread-64 :217011 [dir_watcher.py:_on_file_modified():288] file/dir modified: /home/tzikos/Desktop/KULeuvenThesis/wandb/run-20240721_184547-fuv9cxmm/files/output.log
2024-07-21 18:46:25,938 DEBUG   HandlerThread:217011 [handler.py:handle_request():158] handle_request: internal_messages
2024-07-21 18:46:26,205 INFO    wandb-upload_2:217011 [upload_job.py:push():88] Uploaded file /home/tzikos/.local/share/wandb/artifacts/staging/tmpz_a15j91
2024-07-21 18:46:26,930 INFO    SenderThread:217011 [sender.py:send_request_log_artifact():1518] logged artifact run-fuv9cxmm-ValidationConfusionMatrix - {'id': 'QXJ0aWZhY3Q6MTAxMzE2OTgxMw==', 'state': 'PENDING', 'artifactSequence': {'id': 'QXJ0aWZhY3RDb2xsZWN0aW9uOjMwMTE4Njg0NA==', 'latestArtifact': {'id': 'QXJ0aWZhY3Q6MTAxMzE2OTM0NA==', 'versionIndex': 2}}}
2024-07-21 18:46:26,930 DEBUG   SenderThread:217011 [sender.py:send():379] send: files
2024-07-21 18:46:26,931 DEBUG   HandlerThread:217011 [handler.py:handle_request():158] handle_request: status_report
2024-07-21 18:46:26,931 INFO    SenderThread:217011 [sender.py:_save_file():1454] saving file media/table/Validation Confusion Matrix_4_9e7ac20e4ce25e143fa3.table.json with policy now
2024-07-21 18:46:26,932 DEBUG   SenderThread:217011 [sender.py:send():379] send: files
2024-07-21 18:46:26,932 INFO    SenderThread:217011 [sender.py:_save_file():1454] saving file media/images/Validation Confusion Matrix Heatmap_4_161c46c5367cc0ef3146.png with policy now
2024-07-21 18:46:26,940 DEBUG   HandlerThread:217011 [handler.py:handle_request():158] handle_request: internal_messages
2024-07-21 18:46:27,366 INFO    wandb-upload_1:217011 [upload_job.py:push():130] Uploaded file /tmp/tmpmxs444srwandb/lbiq8zwx-media/table/Validation Confusion Matrix_4_9e7ac20e4ce25e143fa3.table.json
2024-07-21 18:46:27,471 INFO    wandb-upload_3:217011 [upload_job.py:push():130] Uploaded file /tmp/tmpmxs444srwandb/fpgzd9bq-media/images/Validation Confusion Matrix Heatmap_4_161c46c5367cc0ef3146.png
2024-07-21 18:46:27,938 DEBUG   HandlerThread:217011 [handler.py:handle_request():158] handle_request: internal_messages
2024-07-21 18:46:28,939 DEBUG   HandlerThread:217011 [handler.py:handle_request():158] handle_request: internal_messages
2024-07-21 18:46:29,891 INFO    Thread-64 :217011 [dir_watcher.py:_on_file_modified():288] file/dir modified: /home/tzikos/Desktop/KULeuvenThesis/wandb/run-20240721_184547-fuv9cxmm/files/output.log
2024-07-21 18:46:29,939 DEBUG   HandlerThread:217011 [handler.py:handle_request():158] handle_request: internal_messages
2024-07-21 18:46:30,939 DEBUG   HandlerThread:217011 [handler.py:handle_request():158] handle_request: internal_messages
2024-07-21 18:46:31,297 DEBUG   HandlerThread:217011 [handler.py:handle_request():158] handle_request: partial_history
2024-07-21 18:46:31,299 DEBUG   HandlerThread:217011 [handler.py:handle_request():158] handle_request: partial_history
2024-07-21 18:46:31,299 DEBUG   HandlerThread:217011 [handler.py:handle_request():158] handle_request: partial_history
2024-07-21 18:46:31,299 DEBUG   HandlerThread:217011 [handler.py:handle_request():158] handle_request: partial_history
2024-07-21 18:46:31,299 DEBUG   HandlerThread:217011 [handler.py:handle_request():158] handle_request: partial_history
2024-07-21 18:46:31,300 DEBUG   SenderThread:217011 [sender.py:send():379] send: history
2024-07-21 18:46:31,301 DEBUG   SenderThread:217011 [sender.py:send_request():406] send_request: summary_record
2024-07-21 18:46:31,304 INFO    SenderThread:217011 [sender.py:_save_file():1454] saving file wandb-summary.json with policy end
2024-07-21 18:46:31,475 DEBUG   HandlerThread:217011 [handler.py:handle_request():158] handle_request: log_artifact
2024-07-21 18:46:31,475 DEBUG   SenderThread:217011 [sender.py:send_request():406] send_request: log_artifact
2024-07-21 18:46:31,496 DEBUG   HandlerThread:217011 [handler.py:handle_request():158] handle_request: partial_history
2024-07-21 18:46:31,570 DEBUG   HandlerThread:217011 [handler.py:handle_request():158] handle_request: partial_history
2024-07-21 18:46:31,787 DEBUG   HandlerThread:217011 [handler.py:handle_request():158] handle_request: log_artifact
2024-07-21 18:46:31,806 DEBUG   HandlerThread:217011 [handler.py:handle_request():158] handle_request: partial_history
2024-07-21 18:46:31,878 DEBUG   HandlerThread:217011 [handler.py:handle_request():158] handle_request: partial_history
2024-07-21 18:46:31,878 DEBUG   HandlerThread:217011 [handler.py:handle_request():158] handle_request: partial_history
2024-07-21 18:46:31,878 DEBUG   HandlerThread:217011 [handler.py:handle_request():158] handle_request: partial_history
2024-07-21 18:46:31,894 INFO    Thread-64 :217011 [dir_watcher.py:_on_file_modified():288] file/dir modified: /home/tzikos/Desktop/KULeuvenThesis/wandb/run-20240721_184547-fuv9cxmm/files/wandb-summary.json
2024-07-21 18:46:31,894 INFO    Thread-64 :217011 [dir_watcher.py:_on_file_created():271] file/dir created: /home/tzikos/Desktop/KULeuvenThesis/wandb/run-20240721_184547-fuv9cxmm/files/media/table/Training Confusion Matrix_5_e54f5f61dafb1400c60f.table.json
2024-07-21 18:46:31,895 INFO    Thread-64 :217011 [dir_watcher.py:_on_file_created():271] file/dir created: /home/tzikos/Desktop/KULeuvenThesis/wandb/run-20240721_184547-fuv9cxmm/files/media/table/Validation Confusion Matrix_5_3136c39f1e4a800f7b61.table.json
2024-07-21 18:46:31,895 INFO    Thread-64 :217011 [dir_watcher.py:_on_file_created():271] file/dir created: /home/tzikos/Desktop/KULeuvenThesis/wandb/run-20240721_184547-fuv9cxmm/files/media/images/Validation Confusion Matrix Heatmap_5_45a055e882fdb660da36.png
2024-07-21 18:46:31,895 INFO    Thread-64 :217011 [dir_watcher.py:_on_file_created():271] file/dir created: /home/tzikos/Desktop/KULeuvenThesis/wandb/run-20240721_184547-fuv9cxmm/files/media/images/Training Confusion Matrix Heatmap_5_ca276e8dc7be562bed88.png
2024-07-21 18:46:31,895 INFO    Thread-64 :217011 [dir_watcher.py:_on_file_modified():288] file/dir modified: /home/tzikos/Desktop/KULeuvenThesis/wandb/run-20240721_184547-fuv9cxmm/files/media/images
2024-07-21 18:46:31,896 INFO    Thread-64 :217011 [dir_watcher.py:_on_file_modified():288] file/dir modified: /home/tzikos/Desktop/KULeuvenThesis/wandb/run-20240721_184547-fuv9cxmm/files/media/table
2024-07-21 18:46:31,954 DEBUG   HandlerThread:217011 [handler.py:handle_request():158] handle_request: internal_messages
2024-07-21 18:46:32,274 INFO    wandb-upload_3:217011 [upload_job.py:push():130] Uploaded file /tmp/tmpmxs444srwandb/icayhw9i-media/table/Validation Confusion Matrix_5_3136c39f1e4a800f7b61.table.json
2024-07-21 18:46:32,276 INFO    wandb-upload_4:217011 [upload_job.py:push():130] Uploaded file /tmp/tmpmxs444srwandb/bmb17m1m-media/table/Training Confusion Matrix_5_e54f5f61dafb1400c60f.table.json
2024-07-21 18:46:32,373 INFO    wandb-upload_0:217011 [upload_job.py:push():130] Uploaded file /tmp/tmpmxs444srwandb/v21rufmy-media/images/Training Confusion Matrix Heatmap_5_ca276e8dc7be562bed88.png
2024-07-21 18:46:32,418 INFO    wandb-upload_1:217011 [upload_job.py:push():130] Uploaded file /tmp/tmpmxs444srwandb/zdt0o8nm-media/images/Validation Confusion Matrix Heatmap_5_45a055e882fdb660da36.png
2024-07-21 18:46:32,952 DEBUG   HandlerThread:217011 [handler.py:handle_request():158] handle_request: internal_messages
2024-07-21 18:46:33,062 INFO    wandb-upload_2:217011 [upload_job.py:push():88] Uploaded file /home/tzikos/.local/share/wandb/artifacts/staging/tmpsnkxmcvu
2024-07-21 18:46:33,784 INFO    SenderThread:217011 [sender.py:send_request_log_artifact():1518] logged artifact run-fuv9cxmm-TrainingConfusionMatrix - {'id': 'QXJ0aWZhY3Q6MTAxMzE3MDIwNg==', 'state': 'PENDING', 'artifactSequence': {'id': 'QXJ0aWZhY3RDb2xsZWN0aW9uOjMwMTE4NjczOA==', 'latestArtifact': {'id': 'QXJ0aWZhY3Q6MTAxMzE2OTcwOQ==', 'versionIndex': 3}}}
2024-07-21 18:46:33,785 DEBUG   SenderThread:217011 [sender.py:send():379] send: files
2024-07-21 18:46:33,785 INFO    SenderThread:217011 [sender.py:_save_file():1454] saving file media/table/Training Confusion Matrix_5_e54f5f61dafb1400c60f.table.json with policy now
2024-07-21 18:46:33,785 DEBUG   HandlerThread:217011 [handler.py:handle_request():158] handle_request: status_report
2024-07-21 18:46:33,785 DEBUG   SenderThread:217011 [sender.py:send():379] send: files
2024-07-21 18:46:33,786 INFO    SenderThread:217011 [sender.py:_save_file():1454] saving file media/images/Training Confusion Matrix Heatmap_5_ca276e8dc7be562bed88.png with policy now
2024-07-21 18:46:33,787 DEBUG   SenderThread:217011 [sender.py:send_request():406] send_request: log_artifact
2024-07-21 18:46:33,897 INFO    Thread-64 :217011 [dir_watcher.py:_on_file_modified():288] file/dir modified: /home/tzikos/Desktop/KULeuvenThesis/wandb/run-20240721_184547-fuv9cxmm/files/output.log
2024-07-21 18:46:33,952 DEBUG   HandlerThread:217011 [handler.py:handle_request():158] handle_request: internal_messages
2024-07-21 18:46:34,219 INFO    wandb-upload_3:217011 [upload_job.py:push():130] Uploaded file /tmp/tmpmxs444srwandb/g693j7cp-media/table/Training Confusion Matrix_5_e54f5f61dafb1400c60f.table.json
2024-07-21 18:46:34,447 INFO    wandb-upload_0:217011 [upload_job.py:push():130] Uploaded file /tmp/tmpmxs444srwandb/111rzvgo-media/images/Training Confusion Matrix Heatmap_5_ca276e8dc7be562bed88.png
2024-07-21 18:46:34,688 INFO    wandb-upload_2:217011 [upload_job.py:push():88] Uploaded file /home/tzikos/.local/share/wandb/artifacts/staging/tmpr73196jy
2024-07-21 18:46:34,952 DEBUG   HandlerThread:217011 [handler.py:handle_request():158] handle_request: internal_messages
2024-07-21 18:46:35,506 INFO    SenderThread:217011 [sender.py:send_request_log_artifact():1518] logged artifact run-fuv9cxmm-ValidationConfusionMatrix - {'id': 'QXJ0aWZhY3Q6MTAxMzE3MDM2Ng==', 'state': 'PENDING', 'artifactSequence': {'id': 'QXJ0aWZhY3RDb2xsZWN0aW9uOjMwMTE4Njg0NA==', 'latestArtifact': {'id': 'QXJ0aWZhY3Q6MTAxMzE2OTgxMw==', 'versionIndex': 3}}}
2024-07-21 18:46:35,506 DEBUG   SenderThread:217011 [sender.py:send():379] send: files
2024-07-21 18:46:35,506 INFO    SenderThread:217011 [sender.py:_save_file():1454] saving file media/table/Validation Confusion Matrix_5_3136c39f1e4a800f7b61.table.json with policy now
2024-07-21 18:46:35,507 DEBUG   SenderThread:217011 [sender.py:send():379] send: files
2024-07-21 18:46:35,507 INFO    SenderThread:217011 [sender.py:_save_file():1454] saving file media/images/Validation Confusion Matrix Heatmap_5_45a055e882fdb660da36.png with policy now
2024-07-21 18:46:35,952 INFO    wandb-upload_1:217011 [upload_job.py:push():130] Uploaded file /tmp/tmpmxs444srwandb/wkoa6leb-media/table/Validation Confusion Matrix_5_3136c39f1e4a800f7b61.table.json
2024-07-21 18:46:35,980 DEBUG   HandlerThread:217011 [handler.py:handle_request():158] handle_request: internal_messages
2024-07-21 18:46:36,041 INFO    wandb-upload_3:217011 [upload_job.py:push():130] Uploaded file /tmp/tmpmxs444srwandb/sy1mkt3h-media/images/Validation Confusion Matrix Heatmap_5_45a055e882fdb660da36.png
2024-07-21 18:46:36,897 DEBUG   HandlerThread:217011 [handler.py:handle_request():158] handle_request: stop_status
2024-07-21 18:46:36,898 DEBUG   SenderThread:217011 [sender.py:send_request():406] send_request: stop_status
2024-07-21 18:46:36,960 DEBUG   HandlerThread:217011 [handler.py:handle_request():158] handle_request: internal_messages
2024-07-21 18:46:37,904 INFO    Thread-64 :217011 [dir_watcher.py:_on_file_modified():288] file/dir modified: /home/tzikos/Desktop/KULeuvenThesis/wandb/run-20240721_184547-fuv9cxmm/files/output.log
2024-07-21 18:46:37,961 DEBUG   HandlerThread:217011 [handler.py:handle_request():158] handle_request: internal_messages
2024-07-21 18:46:38,961 DEBUG   HandlerThread:217011 [handler.py:handle_request():158] handle_request: internal_messages
2024-07-21 18:46:39,064 DEBUG   HandlerThread:217011 [handler.py:handle_request():158] handle_request: status_report
2024-07-21 18:46:39,661 DEBUG   HandlerThread:217011 [handler.py:handle_request():158] handle_request: partial_history
2024-07-21 18:46:39,663 DEBUG   HandlerThread:217011 [handler.py:handle_request():158] handle_request: partial_history
2024-07-21 18:46:39,663 DEBUG   HandlerThread:217011 [handler.py:handle_request():158] handle_request: partial_history
2024-07-21 18:46:39,663 DEBUG   HandlerThread:217011 [handler.py:handle_request():158] handle_request: partial_history
2024-07-21 18:46:39,663 DEBUG   HandlerThread:217011 [handler.py:handle_request():158] handle_request: partial_history
2024-07-21 18:46:39,666 DEBUG   SenderThread:217011 [sender.py:send():379] send: history
2024-07-21 18:46:39,667 DEBUG   SenderThread:217011 [sender.py:send_request():406] send_request: summary_record
2024-07-21 18:46:39,669 INFO    SenderThread:217011 [sender.py:_save_file():1454] saving file wandb-summary.json with policy end
2024-07-21 18:46:39,907 INFO    Thread-64 :217011 [dir_watcher.py:_on_file_modified():288] file/dir modified: /home/tzikos/Desktop/KULeuvenThesis/wandb/run-20240721_184547-fuv9cxmm/files/wandb-summary.json
2024-07-21 18:46:39,950 DEBUG   HandlerThread:217011 [handler.py:handle_request():158] handle_request: log_artifact
2024-07-21 18:46:39,951 DEBUG   SenderThread:217011 [sender.py:send_request():406] send_request: log_artifact
2024-07-21 18:46:39,969 DEBUG   HandlerThread:217011 [handler.py:handle_request():158] handle_request: internal_messages
2024-07-21 18:46:39,970 DEBUG   HandlerThread:217011 [handler.py:handle_request():158] handle_request: partial_history
2024-07-21 18:46:40,089 DEBUG   HandlerThread:217011 [handler.py:handle_request():158] handle_request: partial_history
2024-07-21 18:46:40,309 DEBUG   HandlerThread:217011 [handler.py:handle_request():158] handle_request: log_artifact
2024-07-21 18:46:40,329 DEBUG   HandlerThread:217011 [handler.py:handle_request():158] handle_request: partial_history
2024-07-21 18:46:40,395 DEBUG   HandlerThread:217011 [handler.py:handle_request():158] handle_request: partial_history
2024-07-21 18:46:40,395 DEBUG   HandlerThread:217011 [handler.py:handle_request():158] handle_request: partial_history
2024-07-21 18:46:40,395 DEBUG   HandlerThread:217011 [handler.py:handle_request():158] handle_request: partial_history
2024-07-21 18:46:40,851 INFO    wandb-upload_2:217011 [upload_job.py:push():88] Uploaded file /home/tzikos/.local/share/wandb/artifacts/staging/tmpq6dbnz8v
2024-07-21 18:46:40,908 INFO    Thread-64 :217011 [dir_watcher.py:_on_file_created():271] file/dir created: /home/tzikos/Desktop/KULeuvenThesis/wandb/run-20240721_184547-fuv9cxmm/files/media/images/Training Confusion Matrix Heatmap_6_df83999feb9add765a41.png
2024-07-21 18:46:40,909 INFO    Thread-64 :217011 [dir_watcher.py:_on_file_created():271] file/dir created: /home/tzikos/Desktop/KULeuvenThesis/wandb/run-20240721_184547-fuv9cxmm/files/media/table/Validation Confusion Matrix_6_4de75a0877c067d10d43.table.json
2024-07-21 18:46:40,909 INFO    Thread-64 :217011 [dir_watcher.py:_on_file_created():271] file/dir created: /home/tzikos/Desktop/KULeuvenThesis/wandb/run-20240721_184547-fuv9cxmm/files/media/images/Validation Confusion Matrix Heatmap_6_72d2d0dd744e41d3d659.png
2024-07-21 18:46:40,910 INFO    Thread-64 :217011 [dir_watcher.py:_on_file_created():271] file/dir created: /home/tzikos/Desktop/KULeuvenThesis/wandb/run-20240721_184547-fuv9cxmm/files/media/table/Training Confusion Matrix_6_880676ce1c3080df7583.table.json
2024-07-21 18:46:40,910 INFO    Thread-64 :217011 [dir_watcher.py:_on_file_modified():288] file/dir modified: /home/tzikos/Desktop/KULeuvenThesis/wandb/run-20240721_184547-fuv9cxmm/files/media/images
2024-07-21 18:46:40,910 INFO    Thread-64 :217011 [dir_watcher.py:_on_file_modified():288] file/dir modified: /home/tzikos/Desktop/KULeuvenThesis/wandb/run-20240721_184547-fuv9cxmm/files/media/table
2024-07-21 18:46:40,967 DEBUG   HandlerThread:217011 [handler.py:handle_request():158] handle_request: internal_messages
2024-07-21 18:46:41,910 INFO    Thread-64 :217011 [dir_watcher.py:_on_file_modified():288] file/dir modified: /home/tzikos/Desktop/KULeuvenThesis/wandb/run-20240721_184547-fuv9cxmm/files/output.log
2024-07-21 18:46:41,967 DEBUG   HandlerThread:217011 [handler.py:handle_request():158] handle_request: internal_messages
2024-07-21 18:46:42,967 DEBUG   HandlerThread:217011 [handler.py:handle_request():158] handle_request: internal_messages
2024-07-21 18:46:43,863 INFO    SenderThread:217011 [sender.py:send_request_log_artifact():1518] logged artifact run-fuv9cxmm-TrainingConfusionMatrix - {'id': 'QXJ0aWZhY3Q6MTAxMzE3MDgwNw==', 'state': 'PENDING', 'artifactSequence': {'id': 'QXJ0aWZhY3RDb2xsZWN0aW9uOjMwMTE4NjczOA==', 'latestArtifact': {'id': 'QXJ0aWZhY3Q6MTAxMzE3MDIwNg==', 'versionIndex': 4}}}
2024-07-21 18:46:43,872 DEBUG   SenderThread:217011 [sender.py:send():379] send: files
2024-07-21 18:46:43,876 INFO    SenderThread:217011 [sender.py:_save_file():1454] saving file media/table/Training Confusion Matrix_6_880676ce1c3080df7583.table.json with policy now
2024-07-21 18:46:43,878 DEBUG   SenderThread:217011 [sender.py:send():379] send: files
2024-07-21 18:46:43,878 INFO    SenderThread:217011 [sender.py:_save_file():1454] saving file media/images/Training Confusion Matrix Heatmap_6_df83999feb9add765a41.png with policy now
2024-07-21 18:46:43,878 DEBUG   SenderThread:217011 [sender.py:send_request():406] send_request: log_artifact
2024-07-21 18:46:43,967 DEBUG   HandlerThread:217011 [handler.py:handle_request():158] handle_request: internal_messages
2024-07-21 18:46:44,257 INFO    wandb-upload_4:217011 [upload_job.py:push():130] Uploaded file /tmp/tmpmxs444srwandb/qzljmhgs-media/table/Training Confusion Matrix_6_880676ce1c3080df7583.table.json
2024-07-21 18:46:44,275 INFO    wandb-upload_1:217011 [upload_job.py:push():130] Uploaded file /tmp/tmpmxs444srwandb/neghslc4-media/table/Validation Confusion Matrix_6_4de75a0877c067d10d43.table.json
2024-07-21 18:46:44,356 INFO    wandb-upload_0:217011 [upload_job.py:push():130] Uploaded file /tmp/tmpmxs444srwandb/ln8riird-media/images/Training Confusion Matrix Heatmap_6_df83999feb9add765a41.png
2024-07-21 18:46:44,357 INFO    wandb-upload_3:217011 [upload_job.py:push():130] Uploaded file /tmp/tmpmxs444srwandb/ghyt7usz-media/images/Validation Confusion Matrix Heatmap_6_72d2d0dd744e41d3d659.png
2024-07-21 18:46:44,731 INFO    wandb-upload_2:217011 [upload_job.py:push():88] Uploaded file /home/tzikos/.local/share/wandb/artifacts/staging/tmps73qh37c
2024-07-21 18:46:44,808 INFO    wandb-upload_4:217011 [upload_job.py:push():130] Uploaded file /tmp/tmpmxs444srwandb/78hbchaj-media/table/Training Confusion Matrix_6_880676ce1c3080df7583.table.json
2024-07-21 18:46:44,895 INFO    wandb-upload_1:217011 [upload_job.py:push():130] Uploaded file /tmp/tmpmxs444srwandb/pzaf46yt-media/images/Training Confusion Matrix Heatmap_6_df83999feb9add765a41.png
2024-07-21 18:46:44,968 DEBUG   HandlerThread:217011 [handler.py:handle_request():158] handle_request: internal_messages
2024-07-21 18:46:45,730 INFO    SenderThread:217011 [sender.py:send_request_log_artifact():1518] logged artifact run-fuv9cxmm-ValidationConfusionMatrix - {'id': 'QXJ0aWZhY3Q6MTAxMzE3MDk0Nw==', 'state': 'PENDING', 'artifactSequence': {'id': 'QXJ0aWZhY3RDb2xsZWN0aW9uOjMwMTE4Njg0NA==', 'latestArtifact': {'id': 'QXJ0aWZhY3Q6MTAxMzE3MDM2Ng==', 'versionIndex': 4}}}
2024-07-21 18:46:45,731 DEBUG   SenderThread:217011 [sender.py:send():379] send: files
2024-07-21 18:46:45,731 INFO    SenderThread:217011 [sender.py:_save_file():1454] saving file media/table/Validation Confusion Matrix_6_4de75a0877c067d10d43.table.json with policy now
2024-07-21 18:46:45,731 DEBUG   SenderThread:217011 [sender.py:send():379] send: files
2024-07-21 18:46:45,731 INFO    SenderThread:217011 [sender.py:_save_file():1454] saving file media/images/Validation Confusion Matrix Heatmap_6_72d2d0dd744e41d3d659.png with policy now
2024-07-21 18:46:45,732 DEBUG   HandlerThread:217011 [handler.py:handle_request():158] handle_request: status_report
2024-07-21 18:46:45,967 DEBUG   HandlerThread:217011 [handler.py:handle_request():158] handle_request: internal_messages
2024-07-21 18:46:46,172 INFO    wandb-upload_3:217011 [upload_job.py:push():130] Uploaded file /tmp/tmpmxs444srwandb/ycbm6acp-media/table/Validation Confusion Matrix_6_4de75a0877c067d10d43.table.json
2024-07-21 18:46:46,248 INFO    wandb-upload_2:217011 [upload_job.py:push():130] Uploaded file /tmp/tmpmxs444srwandb/0pqzgisx-media/images/Validation Confusion Matrix Heatmap_6_72d2d0dd744e41d3d659.png
2024-07-21 18:46:46,967 DEBUG   HandlerThread:217011 [handler.py:handle_request():158] handle_request: internal_messages
2024-07-21 18:46:47,689 DEBUG   HandlerThread:217011 [handler.py:handle_request():158] handle_request: partial_history
2024-07-21 18:46:47,691 DEBUG   HandlerThread:217011 [handler.py:handle_request():158] handle_request: partial_history
2024-07-21 18:46:47,691 DEBUG   HandlerThread:217011 [handler.py:handle_request():158] handle_request: partial_history
2024-07-21 18:46:47,691 DEBUG   HandlerThread:217011 [handler.py:handle_request():158] handle_request: partial_history
2024-07-21 18:46:47,692 DEBUG   SenderThread:217011 [sender.py:send():379] send: history
2024-07-21 18:46:47,693 DEBUG   SenderThread:217011 [sender.py:send_request():406] send_request: summary_record
2024-07-21 18:46:47,694 INFO    SenderThread:217011 [sender.py:_save_file():1454] saving file wandb-summary.json with policy end
2024-07-21 18:46:47,917 INFO    Thread-64 :217011 [dir_watcher.py:_on_file_modified():288] file/dir modified: /home/tzikos/Desktop/KULeuvenThesis/wandb/run-20240721_184547-fuv9cxmm/files/wandb-summary.json
2024-07-21 18:46:47,918 INFO    Thread-64 :217011 [dir_watcher.py:_on_file_modified():288] file/dir modified: /home/tzikos/Desktop/KULeuvenThesis/wandb/run-20240721_184547-fuv9cxmm/files/output.log
2024-07-21 18:46:47,967 DEBUG   HandlerThread:217011 [handler.py:handle_request():158] handle_request: internal_messages
2024-07-21 18:46:48,962 DEBUG   SystemMonitor:217011 [system_monitor.py:_start():172] Starting system metrics aggregation loop
2024-07-21 18:46:48,964 DEBUG   SenderThread:217011 [sender.py:send():379] send: stats
2024-07-21 18:46:48,967 DEBUG   HandlerThread:217011 [handler.py:handle_request():158] handle_request: internal_messages
2024-07-21 18:46:49,920 INFO    Thread-64 :217011 [dir_watcher.py:_on_file_modified():288] file/dir modified: /home/tzikos/Desktop/KULeuvenThesis/wandb/run-20240721_184547-fuv9cxmm/files/output.log
2024-07-21 18:46:49,968 DEBUG   HandlerThread:217011 [handler.py:handle_request():158] handle_request: internal_messages
2024-07-21 18:46:50,964 DEBUG   HandlerThread:217011 [handler.py:handle_request():158] handle_request: status_report
2024-07-21 18:46:50,968 DEBUG   HandlerThread:217011 [handler.py:handle_request():158] handle_request: internal_messages
2024-07-21 18:46:51,897 DEBUG   HandlerThread:217011 [handler.py:handle_request():158] handle_request: stop_status
2024-07-21 18:46:51,898 DEBUG   SenderThread:217011 [sender.py:send_request():406] send_request: stop_status
2024-07-21 18:46:51,968 DEBUG   HandlerThread:217011 [handler.py:handle_request():158] handle_request: internal_messages
2024-07-21 18:46:52,153 DEBUG   SenderThread:217011 [sender.py:send():379] send: exit
2024-07-21 18:46:52,153 INFO    SenderThread:217011 [sender.py:send_exit():586] handling exit code: 255
2024-07-21 18:46:52,154 INFO    SenderThread:217011 [sender.py:send_exit():588] handling runtime: 63
2024-07-21 18:46:52,154 INFO    SenderThread:217011 [sender.py:_save_file():1454] saving file wandb-summary.json with policy end
2024-07-21 18:46:52,155 INFO    SenderThread:217011 [sender.py:send_exit():594] send defer
2024-07-21 18:46:52,155 DEBUG   HandlerThread:217011 [handler.py:handle_request():158] handle_request: defer
2024-07-21 18:46:52,155 INFO    HandlerThread:217011 [handler.py:handle_request_defer():184] handle defer: 0
2024-07-21 18:46:52,155 DEBUG   SenderThread:217011 [sender.py:send_request():406] send_request: defer
2024-07-21 18:46:52,155 INFO    SenderThread:217011 [sender.py:send_request_defer():610] handle sender defer: 0
2024-07-21 18:46:52,155 INFO    SenderThread:217011 [sender.py:transition_state():614] send defer: 1
2024-07-21 18:46:52,156 DEBUG   HandlerThread:217011 [handler.py:handle_request():158] handle_request: defer
2024-07-21 18:46:52,156 INFO    HandlerThread:217011 [handler.py:handle_request_defer():184] handle defer: 1
2024-07-21 18:46:52,156 DEBUG   SenderThread:217011 [sender.py:send_request():406] send_request: defer
2024-07-21 18:46:52,156 INFO    SenderThread:217011 [sender.py:send_request_defer():610] handle sender defer: 1
2024-07-21 18:46:52,156 INFO    SenderThread:217011 [sender.py:transition_state():614] send defer: 2
2024-07-21 18:46:52,156 DEBUG   HandlerThread:217011 [handler.py:handle_request():158] handle_request: defer
2024-07-21 18:46:52,156 INFO    HandlerThread:217011 [handler.py:handle_request_defer():184] handle defer: 2
2024-07-21 18:46:52,156 INFO    HandlerThread:217011 [system_monitor.py:finish():203] Stopping system monitor
2024-07-21 18:46:52,157 DEBUG   SystemMonitor:217011 [system_monitor.py:_start():179] Finished system metrics aggregation loop
2024-07-21 18:46:52,157 INFO    HandlerThread:217011 [interfaces.py:finish():200] Joined cpu monitor
2024-07-21 18:46:52,157 DEBUG   SystemMonitor:217011 [system_monitor.py:_start():183] Publishing last batch of metrics
2024-07-21 18:46:52,157 INFO    HandlerThread:217011 [interfaces.py:finish():200] Joined disk monitor
2024-07-21 18:46:52,218 INFO    HandlerThread:217011 [interfaces.py:finish():200] Joined gpu monitor
2024-07-21 18:46:52,218 INFO    HandlerThread:217011 [interfaces.py:finish():200] Joined memory monitor
2024-07-21 18:46:52,218 INFO    HandlerThread:217011 [interfaces.py:finish():200] Joined network monitor
2024-07-21 18:46:52,219 DEBUG   SenderThread:217011 [sender.py:send_request():406] send_request: defer
2024-07-21 18:46:52,219 INFO    SenderThread:217011 [sender.py:send_request_defer():610] handle sender defer: 2
2024-07-21 18:46:52,219 INFO    SenderThread:217011 [sender.py:transition_state():614] send defer: 3
2024-07-21 18:46:52,219 DEBUG   SenderThread:217011 [sender.py:send():379] send: stats
2024-07-21 18:46:52,219 DEBUG   HandlerThread:217011 [handler.py:handle_request():158] handle_request: defer
2024-07-21 18:46:52,220 INFO    HandlerThread:217011 [handler.py:handle_request_defer():184] handle defer: 3
2024-07-21 18:46:52,221 DEBUG   SenderThread:217011 [sender.py:send():379] send: history
2024-07-21 18:46:52,221 DEBUG   SenderThread:217011 [sender.py:send_request():406] send_request: summary_record
2024-07-21 18:46:52,221 INFO    SenderThread:217011 [sender.py:_save_file():1454] saving file wandb-summary.json with policy end
2024-07-21 18:46:52,221 DEBUG   SenderThread:217011 [sender.py:send_request():406] send_request: defer
2024-07-21 18:46:52,221 INFO    SenderThread:217011 [sender.py:send_request_defer():610] handle sender defer: 3
2024-07-21 18:46:52,222 INFO    SenderThread:217011 [sender.py:transition_state():614] send defer: 4
2024-07-21 18:46:52,222 DEBUG   HandlerThread:217011 [handler.py:handle_request():158] handle_request: defer
2024-07-21 18:46:52,222 INFO    HandlerThread:217011 [handler.py:handle_request_defer():184] handle defer: 4
2024-07-21 18:46:52,222 DEBUG   SenderThread:217011 [sender.py:send_request():406] send_request: defer
2024-07-21 18:46:52,222 INFO    SenderThread:217011 [sender.py:send_request_defer():610] handle sender defer: 4
2024-07-21 18:46:52,222 INFO    SenderThread:217011 [sender.py:transition_state():614] send defer: 5
2024-07-21 18:46:52,222 DEBUG   HandlerThread:217011 [handler.py:handle_request():158] handle_request: defer
2024-07-21 18:46:52,222 INFO    HandlerThread:217011 [handler.py:handle_request_defer():184] handle defer: 5
2024-07-21 18:46:52,223 DEBUG   SenderThread:217011 [sender.py:send():379] send: summary
2024-07-21 18:46:52,223 INFO    SenderThread:217011 [sender.py:_save_file():1454] saving file wandb-summary.json with policy end
2024-07-21 18:46:52,224 DEBUG   SenderThread:217011 [sender.py:send_request():406] send_request: defer
2024-07-21 18:46:52,224 INFO    SenderThread:217011 [sender.py:send_request_defer():610] handle sender defer: 5
2024-07-21 18:46:52,224 INFO    SenderThread:217011 [sender.py:transition_state():614] send defer: 6
2024-07-21 18:46:52,224 DEBUG   HandlerThread:217011 [handler.py:handle_request():158] handle_request: defer
2024-07-21 18:46:52,224 INFO    HandlerThread:217011 [handler.py:handle_request_defer():184] handle defer: 6
2024-07-21 18:46:52,224 DEBUG   SenderThread:217011 [sender.py:send_request():406] send_request: defer
2024-07-21 18:46:52,224 INFO    SenderThread:217011 [sender.py:send_request_defer():610] handle sender defer: 6
2024-07-21 18:46:52,224 INFO    SenderThread:217011 [sender.py:transition_state():614] send defer: 7
2024-07-21 18:46:52,224 DEBUG   HandlerThread:217011 [handler.py:handle_request():158] handle_request: status_report
2024-07-21 18:46:52,224 DEBUG   HandlerThread:217011 [handler.py:handle_request():158] handle_request: defer
2024-07-21 18:46:52,225 INFO    HandlerThread:217011 [handler.py:handle_request_defer():184] handle defer: 7
2024-07-21 18:46:52,225 DEBUG   SenderThread:217011 [sender.py:send_request():406] send_request: defer
2024-07-21 18:46:52,225 INFO    SenderThread:217011 [sender.py:send_request_defer():610] handle sender defer: 7
2024-07-21 18:46:52,924 INFO    Thread-64 :217011 [dir_watcher.py:_on_file_modified():288] file/dir modified: /home/tzikos/Desktop/KULeuvenThesis/wandb/run-20240721_184547-fuv9cxmm/files/wandb-summary.json
2024-07-21 18:46:53,072 DEBUG   HandlerThread:217011 [handler.py:handle_request():158] handle_request: poll_exit
2024-07-21 18:46:53,553 INFO    SenderThread:217011 [sender.py:transition_state():614] send defer: 8
2024-07-21 18:46:53,553 DEBUG   SenderThread:217011 [sender.py:send_request():406] send_request: poll_exit
2024-07-21 18:46:53,554 DEBUG   HandlerThread:217011 [handler.py:handle_request():158] handle_request: defer
2024-07-21 18:46:53,554 INFO    HandlerThread:217011 [handler.py:handle_request_defer():184] handle defer: 8
2024-07-21 18:46:53,554 DEBUG   SenderThread:217011 [sender.py:send_request():406] send_request: defer
2024-07-21 18:46:53,554 INFO    SenderThread:217011 [sender.py:send_request_defer():610] handle sender defer: 8
2024-07-21 18:46:53,554 INFO    SenderThread:217011 [job_builder.py:build():440] Attempting to build job artifact
2024-07-21 18:46:53,555 INFO    SenderThread:217011 [job_builder.py:_get_source_type():569] is repo sourced job
2024-07-21 18:46:53,558 INFO    SenderThread:217011 [job_builder.py:build():545] adding wandb-job metadata file
2024-07-21 18:46:53,570 INFO    SenderThread:217011 [sender.py:transition_state():614] send defer: 9
2024-07-21 18:46:53,571 DEBUG   HandlerThread:217011 [handler.py:handle_request():158] handle_request: defer
2024-07-21 18:46:53,571 DEBUG   SenderThread:217011 [sender.py:send():379] send: artifact
2024-07-21 18:46:53,571 INFO    HandlerThread:217011 [handler.py:handle_request_defer():184] handle defer: 9
2024-07-21 18:46:53,925 INFO    Thread-64 :217011 [dir_watcher.py:_on_file_modified():288] file/dir modified: /home/tzikos/Desktop/KULeuvenThesis/wandb/run-20240721_184547-fuv9cxmm/files/output.log
2024-07-21 18:46:53,927 ERROR   SenderThread:217011 [internal_api.py:execute():349] 404 response executing GraphQL.
2024-07-21 18:46:53,927 ERROR   SenderThread:217011 [internal_api.py:execute():350] {"errors":[{"message":"failed to find run KU AI Thesis/fuv9cxmm","path":["createArtifactManifest"]}],"data":{"createArtifactManifest":null}}
2024-07-21 18:46:53,929 ERROR   SenderThread:217011 [sender.py:send_artifact():1532] send_artifact: failed for artifact "job/job-git_github.com_DimChatz_KULeuvenThesis.git_main.py": It appears that you do not have permission to access the requested resource. Please reach out to the project owner to grant you access. If you have the correct permissions, verify that there are no issues with your networking setup.(Error 404: Not Found)
2024-07-21 18:46:53,929 DEBUG   SenderThread:217011 [sender.py:send_request():406] send_request: defer
2024-07-21 18:46:53,929 INFO    SenderThread:217011 [sender.py:send_request_defer():610] handle sender defer: 9
2024-07-21 18:46:53,929 INFO    SenderThread:217011 [dir_watcher.py:finish():358] shutting down directory watcher
2024-07-21 18:46:54,072 DEBUG   HandlerThread:217011 [handler.py:handle_request():158] handle_request: poll_exit
2024-07-21 18:46:54,930 INFO    SenderThread:217011 [dir_watcher.py:finish():388] scan: /home/tzikos/Desktop/KULeuvenThesis/wandb/run-20240721_184547-fuv9cxmm/files
2024-07-21 18:46:54,930 INFO    SenderThread:217011 [dir_watcher.py:finish():402] scan save: /home/tzikos/Desktop/KULeuvenThesis/wandb/run-20240721_184547-fuv9cxmm/files/wandb-metadata.json wandb-metadata.json
2024-07-21 18:46:54,930 INFO    SenderThread:217011 [dir_watcher.py:finish():402] scan save: /home/tzikos/Desktop/KULeuvenThesis/wandb/run-20240721_184547-fuv9cxmm/files/requirements.txt requirements.txt
2024-07-21 18:46:54,930 INFO    SenderThread:217011 [dir_watcher.py:finish():402] scan save: /home/tzikos/Desktop/KULeuvenThesis/wandb/run-20240721_184547-fuv9cxmm/files/conda-environment.yaml conda-environment.yaml
2024-07-21 18:46:54,931 INFO    SenderThread:217011 [dir_watcher.py:finish():402] scan save: /home/tzikos/Desktop/KULeuvenThesis/wandb/run-20240721_184547-fuv9cxmm/files/output.log output.log
2024-07-21 18:46:54,931 INFO    SenderThread:217011 [dir_watcher.py:finish():402] scan save: /home/tzikos/Desktop/KULeuvenThesis/wandb/run-20240721_184547-fuv9cxmm/files/wandb-summary.json wandb-summary.json
2024-07-21 18:46:54,931 INFO    SenderThread:217011 [dir_watcher.py:finish():402] scan save: /home/tzikos/Desktop/KULeuvenThesis/wandb/run-20240721_184547-fuv9cxmm/files/config.yaml config.yaml
2024-07-21 18:46:54,951 INFO    SenderThread:217011 [dir_watcher.py:finish():402] scan save: /home/tzikos/Desktop/KULeuvenThesis/wandb/run-20240721_184547-fuv9cxmm/files/media/table/Validation Confusion Matrix_1_0c635457ec6164c7ae8e.table.json media/table/Validation Confusion Matrix_1_0c635457ec6164c7ae8e.table.json
2024-07-21 18:46:54,951 INFO    SenderThread:217011 [dir_watcher.py:finish():402] scan save: /home/tzikos/Desktop/KULeuvenThesis/wandb/run-20240721_184547-fuv9cxmm/files/media/table/Validation Confusion Matrix_4_9e7ac20e4ce25e143fa3.table.json media/table/Validation Confusion Matrix_4_9e7ac20e4ce25e143fa3.table.json
2024-07-21 18:46:54,952 INFO    SenderThread:217011 [dir_watcher.py:finish():402] scan save: /home/tzikos/Desktop/KULeuvenThesis/wandb/run-20240721_184547-fuv9cxmm/files/media/table/Validation Confusion Matrix_6_4de75a0877c067d10d43.table.json media/table/Validation Confusion Matrix_6_4de75a0877c067d10d43.table.json
2024-07-21 18:46:54,952 INFO    SenderThread:217011 [dir_watcher.py:finish():402] scan save: /home/tzikos/Desktop/KULeuvenThesis/wandb/run-20240721_184547-fuv9cxmm/files/media/table/Training Confusion Matrix_1_7807474bf50cefb5caf8.table.json media/table/Training Confusion Matrix_1_7807474bf50cefb5caf8.table.json
2024-07-21 18:46:54,952 INFO    SenderThread:217011 [dir_watcher.py:finish():402] scan save: /home/tzikos/Desktop/KULeuvenThesis/wandb/run-20240721_184547-fuv9cxmm/files/media/table/Validation Confusion Matrix_3_4366ab58108f0ba97af4.table.json media/table/Validation Confusion Matrix_3_4366ab58108f0ba97af4.table.json
2024-07-21 18:46:54,952 INFO    SenderThread:217011 [dir_watcher.py:finish():402] scan save: /home/tzikos/Desktop/KULeuvenThesis/wandb/run-20240721_184547-fuv9cxmm/files/media/table/Validation Confusion Matrix_2_de3193ecb0385e3d1257.table.json media/table/Validation Confusion Matrix_2_de3193ecb0385e3d1257.table.json
2024-07-21 18:46:54,952 INFO    SenderThread:217011 [dir_watcher.py:finish():402] scan save: /home/tzikos/Desktop/KULeuvenThesis/wandb/run-20240721_184547-fuv9cxmm/files/media/table/Training Confusion Matrix_5_e54f5f61dafb1400c60f.table.json media/table/Training Confusion Matrix_5_e54f5f61dafb1400c60f.table.json
2024-07-21 18:46:54,952 INFO    SenderThread:217011 [dir_watcher.py:finish():402] scan save: /home/tzikos/Desktop/KULeuvenThesis/wandb/run-20240721_184547-fuv9cxmm/files/media/table/Training Confusion Matrix_2_c2b1dd38a93f2c87a75a.table.json media/table/Training Confusion Matrix_2_c2b1dd38a93f2c87a75a.table.json
2024-07-21 18:46:54,952 INFO    SenderThread:217011 [dir_watcher.py:finish():402] scan save: /home/tzikos/Desktop/KULeuvenThesis/wandb/run-20240721_184547-fuv9cxmm/files/media/table/Training Confusion Matrix_3_dd8b0b55aff3f74836f5.table.json media/table/Training Confusion Matrix_3_dd8b0b55aff3f74836f5.table.json
2024-07-21 18:46:54,952 INFO    SenderThread:217011 [dir_watcher.py:finish():402] scan save: /home/tzikos/Desktop/KULeuvenThesis/wandb/run-20240721_184547-fuv9cxmm/files/media/table/Validation Confusion Matrix_5_3136c39f1e4a800f7b61.table.json media/table/Validation Confusion Matrix_5_3136c39f1e4a800f7b61.table.json
2024-07-21 18:46:54,952 INFO    SenderThread:217011 [dir_watcher.py:finish():402] scan save: /home/tzikos/Desktop/KULeuvenThesis/wandb/run-20240721_184547-fuv9cxmm/files/media/table/Training Confusion Matrix_4_007a37eba9ec04766e3d.table.json media/table/Training Confusion Matrix_4_007a37eba9ec04766e3d.table.json
2024-07-21 18:46:54,952 INFO    SenderThread:217011 [dir_watcher.py:finish():402] scan save: /home/tzikos/Desktop/KULeuvenThesis/wandb/run-20240721_184547-fuv9cxmm/files/media/table/Training Confusion Matrix_6_880676ce1c3080df7583.table.json media/table/Training Confusion Matrix_6_880676ce1c3080df7583.table.json
2024-07-21 18:46:54,953 INFO    SenderThread:217011 [dir_watcher.py:finish():402] scan save: /home/tzikos/Desktop/KULeuvenThesis/wandb/run-20240721_184547-fuv9cxmm/files/media/images/Validation Confusion Matrix Heatmap_2_934ab12ee93406d173b0.png media/images/Validation Confusion Matrix Heatmap_2_934ab12ee93406d173b0.png
2024-07-21 18:46:54,953 INFO    SenderThread:217011 [dir_watcher.py:finish():402] scan save: /home/tzikos/Desktop/KULeuvenThesis/wandb/run-20240721_184547-fuv9cxmm/files/media/images/Training Confusion Matrix Heatmap_3_3fac56c6a859ac1a2b98.png media/images/Training Confusion Matrix Heatmap_3_3fac56c6a859ac1a2b98.png
2024-07-21 18:46:54,953 INFO    SenderThread:217011 [dir_watcher.py:finish():402] scan save: /home/tzikos/Desktop/KULeuvenThesis/wandb/run-20240721_184547-fuv9cxmm/files/media/images/Validation Confusion Matrix Heatmap_5_45a055e882fdb660da36.png media/images/Validation Confusion Matrix Heatmap_5_45a055e882fdb660da36.png
2024-07-21 18:46:54,953 INFO    SenderThread:217011 [dir_watcher.py:finish():402] scan save: /home/tzikos/Desktop/KULeuvenThesis/wandb/run-20240721_184547-fuv9cxmm/files/media/images/Validation Confusion Matrix Heatmap_3_155c210b7ae3d8b48bf0.png media/images/Validation Confusion Matrix Heatmap_3_155c210b7ae3d8b48bf0.png
2024-07-21 18:46:54,953 INFO    SenderThread:217011 [dir_watcher.py:finish():402] scan save: /home/tzikos/Desktop/KULeuvenThesis/wandb/run-20240721_184547-fuv9cxmm/files/media/images/Validation Confusion Matrix Heatmap_1_83d1e2a48015e6cfcb5e.png media/images/Validation Confusion Matrix Heatmap_1_83d1e2a48015e6cfcb5e.png
2024-07-21 18:46:54,953 INFO    SenderThread:217011 [dir_watcher.py:finish():402] scan save: /home/tzikos/Desktop/KULeuvenThesis/wandb/run-20240721_184547-fuv9cxmm/files/media/images/Training Confusion Matrix Heatmap_5_ca276e8dc7be562bed88.png media/images/Training Confusion Matrix Heatmap_5_ca276e8dc7be562bed88.png
2024-07-21 18:46:54,953 INFO    SenderThread:217011 [dir_watcher.py:finish():402] scan save: /home/tzikos/Desktop/KULeuvenThesis/wandb/run-20240721_184547-fuv9cxmm/files/media/images/Training Confusion Matrix Heatmap_1_30bb4827a41b9565483a.png media/images/Training Confusion Matrix Heatmap_1_30bb4827a41b9565483a.png
2024-07-21 18:46:54,953 INFO    SenderThread:217011 [dir_watcher.py:finish():402] scan save: /home/tzikos/Desktop/KULeuvenThesis/wandb/run-20240721_184547-fuv9cxmm/files/media/images/Training Confusion Matrix Heatmap_6_df83999feb9add765a41.png media/images/Training Confusion Matrix Heatmap_6_df83999feb9add765a41.png
2024-07-21 18:46:54,953 INFO    SenderThread:217011 [dir_watcher.py:finish():402] scan save: /home/tzikos/Desktop/KULeuvenThesis/wandb/run-20240721_184547-fuv9cxmm/files/media/images/Training Confusion Matrix Heatmap_2_75cfd4af9c885bb10aee.png media/images/Training Confusion Matrix Heatmap_2_75cfd4af9c885bb10aee.png
2024-07-21 18:46:54,953 INFO    SenderThread:217011 [dir_watcher.py:finish():402] scan save: /home/tzikos/Desktop/KULeuvenThesis/wandb/run-20240721_184547-fuv9cxmm/files/media/images/Validation Confusion Matrix Heatmap_4_161c46c5367cc0ef3146.png media/images/Validation Confusion Matrix Heatmap_4_161c46c5367cc0ef3146.png
2024-07-21 18:46:54,953 INFO    SenderThread:217011 [dir_watcher.py:finish():402] scan save: /home/tzikos/Desktop/KULeuvenThesis/wandb/run-20240721_184547-fuv9cxmm/files/media/images/Training Confusion Matrix Heatmap_4_90fcc9e06c69bbaa0f32.png media/images/Training Confusion Matrix Heatmap_4_90fcc9e06c69bbaa0f32.png
2024-07-21 18:46:54,954 INFO    SenderThread:217011 [dir_watcher.py:finish():402] scan save: /home/tzikos/Desktop/KULeuvenThesis/wandb/run-20240721_184547-fuv9cxmm/files/media/images/Validation Confusion Matrix Heatmap_6_72d2d0dd744e41d3d659.png media/images/Validation Confusion Matrix Heatmap_6_72d2d0dd744e41d3d659.png
2024-07-21 18:46:54,954 INFO    SenderThread:217011 [sender.py:transition_state():614] send defer: 10
2024-07-21 18:46:54,954 DEBUG   SenderThread:217011 [sender.py:send_request():406] send_request: poll_exit
2024-07-21 18:46:54,954 DEBUG   HandlerThread:217011 [handler.py:handle_request():158] handle_request: defer
2024-07-21 18:46:54,954 INFO    HandlerThread:217011 [handler.py:handle_request_defer():184] handle defer: 10
2024-07-21 18:46:54,955 DEBUG   SenderThread:217011 [sender.py:send_request():406] send_request: defer
2024-07-21 18:46:54,955 INFO    SenderThread:217011 [sender.py:send_request_defer():610] handle sender defer: 10
2024-07-21 18:46:54,955 INFO    SenderThread:217011 [file_pusher.py:finish():169] shutting down file pusher
2024-07-21 18:46:55,074 ERROR   wandb-upload_0:217011 [internal_api.py:execute():349] 404 response executing GraphQL.
2024-07-21 18:46:55,075 ERROR   wandb-upload_0:217011 [internal_api.py:execute():350] {"errors":[{"message":"run KU AI Thesis/fuv9cxmm not found during createRunFiles","path":["createRunFiles"]}],"data":{"createRunFiles":null}}
2024-07-21 18:46:55,075 ERROR   wandb-upload_1:217011 [internal_api.py:execute():349] 404 response executing GraphQL.
2024-07-21 18:46:55,076 ERROR   wandb-upload_1:217011 [internal_api.py:execute():350] {"errors":[{"message":"run KU AI Thesis/fuv9cxmm not found during createRunFiles","path":["createRunFiles"]}],"data":{"createRunFiles":null}}
2024-07-21 18:46:55,076 ERROR   Thread-63 (_thread_body):217011 [step_upload.py:_handle_event():144] Failed to upload file: /home/tzikos/Desktop/KULeuvenThesis/wandb/run-20240721_184547-fuv9cxmm/files/conda-environment.yaml
Traceback (most recent call last):
  File "/home/tzikos/anaconda3/envs/KUThesis/lib/python3.12/site-packages/wandb/sdk/lib/retry.py", line 131, in __call__
    result = self._call_fn(*args, **kwargs)
             ^^^^^^^^^^^^^^^^^^^^^^^^^^^^^^
  File "/home/tzikos/anaconda3/envs/KUThesis/lib/python3.12/site-packages/wandb/sdk/internal/internal_api.py", line 345, in execute
    return self.client.execute(*args, **kwargs)  # type: ignore
           ^^^^^^^^^^^^^^^^^^^^^^^^^^^^^^^^^^^^
  File "/home/tzikos/anaconda3/envs/KUThesis/lib/python3.12/site-packages/wandb/vendor/gql-0.2.0/wandb_gql/client.py", line 52, in execute
    result = self._get_result(document, *args, **kwargs)
             ^^^^^^^^^^^^^^^^^^^^^^^^^^^^^^^^^^^^^^^^^^^
  File "/home/tzikos/anaconda3/envs/KUThesis/lib/python3.12/site-packages/wandb/vendor/gql-0.2.0/wandb_gql/client.py", line 60, in _get_result
    return self.transport.execute(document, *args, **kwargs)
           ^^^^^^^^^^^^^^^^^^^^^^^^^^^^^^^^^^^^^^^^^^^^^^^^^
  File "/home/tzikos/anaconda3/envs/KUThesis/lib/python3.12/site-packages/wandb/sdk/lib/gql_request.py", line 59, in execute
    request.raise_for_status()
  File "/home/tzikos/anaconda3/envs/KUThesis/lib/python3.12/site-packages/requests/models.py", line 1021, in raise_for_status
    raise HTTPError(http_error_msg, response=self)
requests.exceptions.HTTPError: 404 Client Error: Not Found for url: https://api.wandb.ai/graphql

During handling of the above exception, another exception occurred:

Traceback (most recent call last):
  File "/home/tzikos/anaconda3/envs/KUThesis/lib/python3.12/concurrent/futures/thread.py", line 58, in run
    result = self.fn(*self.args, **self.kwargs)
             ^^^^^^^^^^^^^^^^^^^^^^^^^^^^^^^^^^
  File "/home/tzikos/anaconda3/envs/KUThesis/lib/python3.12/site-packages/wandb/filesync/step_upload.py", line 223, in run_and_notify
    self._do_upload(event)
  File "/home/tzikos/anaconda3/envs/KUThesis/lib/python3.12/site-packages/wandb/filesync/step_upload.py", line 243, in _do_upload
    job.run()
  File "/home/tzikos/anaconda3/envs/KUThesis/lib/python3.12/site-packages/wandb/filesync/upload_job.py", line 56, in run
    self.push()
  File "/home/tzikos/anaconda3/envs/KUThesis/lib/python3.12/site-packages/wandb/filesync/upload_job.py", line 105, in push
    _, upload_headers, result = self._api.upload_urls(project, [self.save_name])
                                ^^^^^^^^^^^^^^^^^^^^^^^^^^^^^^^^^^^^^^^^^^^^^^^^
  File "/home/tzikos/anaconda3/envs/KUThesis/lib/python3.12/site-packages/wandb/apis/normalize.py", line 73, in wrapper
    raise err
  File "/home/tzikos/anaconda3/envs/KUThesis/lib/python3.12/site-packages/wandb/apis/normalize.py", line 41, in wrapper
    return func(*args, **kwargs)
           ^^^^^^^^^^^^^^^^^^^^^
  File "/home/tzikos/anaconda3/envs/KUThesis/lib/python3.12/site-packages/wandb/sdk/internal/internal_api.py", line 2500, in upload_urls
    query_result = self.gql(
                   ^^^^^^^^^
  File "/home/tzikos/anaconda3/envs/KUThesis/lib/python3.12/site-packages/wandb/sdk/internal/internal_api.py", line 317, in gql
    ret = self._retry_gql(
          ^^^^^^^^^^^^^^^^
  File "/home/tzikos/anaconda3/envs/KUThesis/lib/python3.12/site-packages/wandb/sdk/lib/retry.py", line 147, in __call__
    retry_timedelta_triggered = check_retry_fn(e)
                                ^^^^^^^^^^^^^^^^^
  File "/home/tzikos/anaconda3/envs/KUThesis/lib/python3.12/site-packages/wandb/util.py", line 910, in no_retry_auth
    raise CommError(
wandb.errors.CommError: It appears that you do not have permission to access the requested resource. Please reach out to the project owner to grant you access. If you have the correct permissions, verify that there are no issues with your networking setup.(Error 404: Not Found)
2024-07-21 18:46:55,076 DEBUG   HandlerThread:217011 [handler.py:handle_request():158] handle_request: poll_exit
2024-07-21 18:46:55,081 ERROR   wandb-upload_2:217011 [internal_api.py:execute():349] 404 response executing GraphQL.
2024-07-21 18:46:55,082 ERROR   wandb-upload_3:217011 [internal_api.py:execute():349] 404 response executing GraphQL.
2024-07-21 18:46:55,085 ERROR   Thread-63 (_thread_body):217011 [step_upload.py:_handle_event():144] Failed to upload file: /home/tzikos/Desktop/KULeuvenThesis/wandb/run-20240721_184547-fuv9cxmm/files/requirements.txt
Traceback (most recent call last):
  File "/home/tzikos/anaconda3/envs/KUThesis/lib/python3.12/site-packages/wandb/sdk/lib/retry.py", line 131, in __call__
    result = self._call_fn(*args, **kwargs)
             ^^^^^^^^^^^^^^^^^^^^^^^^^^^^^^
  File "/home/tzikos/anaconda3/envs/KUThesis/lib/python3.12/site-packages/wandb/sdk/internal/internal_api.py", line 345, in execute
    return self.client.execute(*args, **kwargs)  # type: ignore
           ^^^^^^^^^^^^^^^^^^^^^^^^^^^^^^^^^^^^
  File "/home/tzikos/anaconda3/envs/KUThesis/lib/python3.12/site-packages/wandb/vendor/gql-0.2.0/wandb_gql/client.py", line 52, in execute
    result = self._get_result(document, *args, **kwargs)
             ^^^^^^^^^^^^^^^^^^^^^^^^^^^^^^^^^^^^^^^^^^^
  File "/home/tzikos/anaconda3/envs/KUThesis/lib/python3.12/site-packages/wandb/vendor/gql-0.2.0/wandb_gql/client.py", line 60, in _get_result
    return self.transport.execute(document, *args, **kwargs)
           ^^^^^^^^^^^^^^^^^^^^^^^^^^^^^^^^^^^^^^^^^^^^^^^^^
  File "/home/tzikos/anaconda3/envs/KUThesis/lib/python3.12/site-packages/wandb/sdk/lib/gql_request.py", line 59, in execute
    request.raise_for_status()
  File "/home/tzikos/anaconda3/envs/KUThesis/lib/python3.12/site-packages/requests/models.py", line 1021, in raise_for_status
    raise HTTPError(http_error_msg, response=self)
requests.exceptions.HTTPError: 404 Client Error: Not Found for url: https://api.wandb.ai/graphql

During handling of the above exception, another exception occurred:

Traceback (most recent call last):
  File "/home/tzikos/anaconda3/envs/KUThesis/lib/python3.12/concurrent/futures/thread.py", line 58, in run
    result = self.fn(*self.args, **self.kwargs)
             ^^^^^^^^^^^^^^^^^^^^^^^^^^^^^^^^^^
  File "/home/tzikos/anaconda3/envs/KUThesis/lib/python3.12/site-packages/wandb/filesync/step_upload.py", line 223, in run_and_notify
    self._do_upload(event)
  File "/home/tzikos/anaconda3/envs/KUThesis/lib/python3.12/site-packages/wandb/filesync/step_upload.py", line 243, in _do_upload
    job.run()
  File "/home/tzikos/anaconda3/envs/KUThesis/lib/python3.12/site-packages/wandb/filesync/upload_job.py", line 56, in run
    self.push()
  File "/home/tzikos/anaconda3/envs/KUThesis/lib/python3.12/site-packages/wandb/filesync/upload_job.py", line 105, in push
    _, upload_headers, result = self._api.upload_urls(project, [self.save_name])
                                ^^^^^^^^^^^^^^^^^^^^^^^^^^^^^^^^^^^^^^^^^^^^^^^^
  File "/home/tzikos/anaconda3/envs/KUThesis/lib/python3.12/site-packages/wandb/apis/normalize.py", line 73, in wrapper
    raise err
  File "/home/tzikos/anaconda3/envs/KUThesis/lib/python3.12/site-packages/wandb/apis/normalize.py", line 41, in wrapper
    return func(*args, **kwargs)
           ^^^^^^^^^^^^^^^^^^^^^
  File "/home/tzikos/anaconda3/envs/KUThesis/lib/python3.12/site-packages/wandb/sdk/internal/internal_api.py", line 2500, in upload_urls
    query_result = self.gql(
                   ^^^^^^^^^
  File "/home/tzikos/anaconda3/envs/KUThesis/lib/python3.12/site-packages/wandb/sdk/internal/internal_api.py", line 317, in gql
    ret = self._retry_gql(
          ^^^^^^^^^^^^^^^^
  File "/home/tzikos/anaconda3/envs/KUThesis/lib/python3.12/site-packages/wandb/sdk/lib/retry.py", line 147, in __call__
    retry_timedelta_triggered = check_retry_fn(e)
                                ^^^^^^^^^^^^^^^^^
  File "/home/tzikos/anaconda3/envs/KUThesis/lib/python3.12/site-packages/wandb/util.py", line 910, in no_retry_auth
    raise CommError(
wandb.errors.CommError: It appears that you do not have permission to access the requested resource. Please reach out to the project owner to grant you access. If you have the correct permissions, verify that there are no issues with your networking setup.(Error 404: Not Found)
2024-07-21 18:46:55,086 ERROR   wandb-upload_2:217011 [internal_api.py:execute():350] {"errors":[{"message":"run KU AI Thesis/fuv9cxmm not found during createRunFiles","path":["createRunFiles"]}],"data":{"createRunFiles":null}}
2024-07-21 18:46:55,086 DEBUG   SenderThread:217011 [sender.py:send_request():406] send_request: poll_exit
2024-07-21 18:46:55,086 ERROR   wandb-upload_3:217011 [internal_api.py:execute():350] {"errors":[{"message":"run KU AI Thesis/fuv9cxmm not found during createRunFiles","path":["createRunFiles"]}],"data":{"createRunFiles":null}}
2024-07-21 18:46:55,089 ERROR   wandb-upload_4:217011 [internal_api.py:execute():349] 404 response executing GraphQL.
2024-07-21 18:46:55,090 ERROR   Thread-63 (_thread_body):217011 [step_upload.py:_handle_event():144] Failed to upload file: /home/tzikos/Desktop/KULeuvenThesis/wandb/run-20240721_184547-fuv9cxmm/files/wandb-summary.json
Traceback (most recent call last):
  File "/home/tzikos/anaconda3/envs/KUThesis/lib/python3.12/site-packages/wandb/sdk/lib/retry.py", line 131, in __call__
    result = self._call_fn(*args, **kwargs)
             ^^^^^^^^^^^^^^^^^^^^^^^^^^^^^^
  File "/home/tzikos/anaconda3/envs/KUThesis/lib/python3.12/site-packages/wandb/sdk/internal/internal_api.py", line 345, in execute
    return self.client.execute(*args, **kwargs)  # type: ignore
           ^^^^^^^^^^^^^^^^^^^^^^^^^^^^^^^^^^^^
  File "/home/tzikos/anaconda3/envs/KUThesis/lib/python3.12/site-packages/wandb/vendor/gql-0.2.0/wandb_gql/client.py", line 52, in execute
    result = self._get_result(document, *args, **kwargs)
             ^^^^^^^^^^^^^^^^^^^^^^^^^^^^^^^^^^^^^^^^^^^
  File "/home/tzikos/anaconda3/envs/KUThesis/lib/python3.12/site-packages/wandb/vendor/gql-0.2.0/wandb_gql/client.py", line 60, in _get_result
    return self.transport.execute(document, *args, **kwargs)
           ^^^^^^^^^^^^^^^^^^^^^^^^^^^^^^^^^^^^^^^^^^^^^^^^^
  File "/home/tzikos/anaconda3/envs/KUThesis/lib/python3.12/site-packages/wandb/sdk/lib/gql_request.py", line 59, in execute
    request.raise_for_status()
  File "/home/tzikos/anaconda3/envs/KUThesis/lib/python3.12/site-packages/requests/models.py", line 1021, in raise_for_status
    raise HTTPError(http_error_msg, response=self)
requests.exceptions.HTTPError: 404 Client Error: Not Found for url: https://api.wandb.ai/graphql

During handling of the above exception, another exception occurred:

Traceback (most recent call last):
  File "/home/tzikos/anaconda3/envs/KUThesis/lib/python3.12/concurrent/futures/thread.py", line 58, in run
    result = self.fn(*self.args, **self.kwargs)
             ^^^^^^^^^^^^^^^^^^^^^^^^^^^^^^^^^^
  File "/home/tzikos/anaconda3/envs/KUThesis/lib/python3.12/site-packages/wandb/filesync/step_upload.py", line 223, in run_and_notify
    self._do_upload(event)
  File "/home/tzikos/anaconda3/envs/KUThesis/lib/python3.12/site-packages/wandb/filesync/step_upload.py", line 243, in _do_upload
    job.run()
  File "/home/tzikos/anaconda3/envs/KUThesis/lib/python3.12/site-packages/wandb/filesync/upload_job.py", line 56, in run
    self.push()
  File "/home/tzikos/anaconda3/envs/KUThesis/lib/python3.12/site-packages/wandb/filesync/upload_job.py", line 105, in push
    _, upload_headers, result = self._api.upload_urls(project, [self.save_name])
                                ^^^^^^^^^^^^^^^^^^^^^^^^^^^^^^^^^^^^^^^^^^^^^^^^
  File "/home/tzikos/anaconda3/envs/KUThesis/lib/python3.12/site-packages/wandb/apis/normalize.py", line 73, in wrapper
    raise err
  File "/home/tzikos/anaconda3/envs/KUThesis/lib/python3.12/site-packages/wandb/apis/normalize.py", line 41, in wrapper
    return func(*args, **kwargs)
           ^^^^^^^^^^^^^^^^^^^^^
  File "/home/tzikos/anaconda3/envs/KUThesis/lib/python3.12/site-packages/wandb/sdk/internal/internal_api.py", line 2500, in upload_urls
    query_result = self.gql(
                   ^^^^^^^^^
  File "/home/tzikos/anaconda3/envs/KUThesis/lib/python3.12/site-packages/wandb/sdk/internal/internal_api.py", line 317, in gql
    ret = self._retry_gql(
          ^^^^^^^^^^^^^^^^
  File "/home/tzikos/anaconda3/envs/KUThesis/lib/python3.12/site-packages/wandb/sdk/lib/retry.py", line 147, in __call__
    retry_timedelta_triggered = check_retry_fn(e)
                                ^^^^^^^^^^^^^^^^^
  File "/home/tzikos/anaconda3/envs/KUThesis/lib/python3.12/site-packages/wandb/util.py", line 910, in no_retry_auth
    raise CommError(
wandb.errors.CommError: It appears that you do not have permission to access the requested resource. Please reach out to the project owner to grant you access. If you have the correct permissions, verify that there are no issues with your networking setup.(Error 404: Not Found)
2024-07-21 18:46:55,090 ERROR   wandb-upload_4:217011 [internal_api.py:execute():350] {"errors":[{"message":"run KU AI Thesis/fuv9cxmm not found during createRunFiles","path":["createRunFiles"]}],"data":{"createRunFiles":null}}
2024-07-21 18:46:55,091 ERROR   Thread-63 (_thread_body):217011 [step_upload.py:_handle_event():144] Failed to upload file: /home/tzikos/Desktop/KULeuvenThesis/wandb/run-20240721_184547-fuv9cxmm/files/config.yaml
Traceback (most recent call last):
  File "/home/tzikos/anaconda3/envs/KUThesis/lib/python3.12/site-packages/wandb/sdk/lib/retry.py", line 131, in __call__
    result = self._call_fn(*args, **kwargs)
             ^^^^^^^^^^^^^^^^^^^^^^^^^^^^^^
  File "/home/tzikos/anaconda3/envs/KUThesis/lib/python3.12/site-packages/wandb/sdk/internal/internal_api.py", line 345, in execute
    return self.client.execute(*args, **kwargs)  # type: ignore
           ^^^^^^^^^^^^^^^^^^^^^^^^^^^^^^^^^^^^
  File "/home/tzikos/anaconda3/envs/KUThesis/lib/python3.12/site-packages/wandb/vendor/gql-0.2.0/wandb_gql/client.py", line 52, in execute
    result = self._get_result(document, *args, **kwargs)
             ^^^^^^^^^^^^^^^^^^^^^^^^^^^^^^^^^^^^^^^^^^^
  File "/home/tzikos/anaconda3/envs/KUThesis/lib/python3.12/site-packages/wandb/vendor/gql-0.2.0/wandb_gql/client.py", line 60, in _get_result
    return self.transport.execute(document, *args, **kwargs)
           ^^^^^^^^^^^^^^^^^^^^^^^^^^^^^^^^^^^^^^^^^^^^^^^^^
  File "/home/tzikos/anaconda3/envs/KUThesis/lib/python3.12/site-packages/wandb/sdk/lib/gql_request.py", line 59, in execute
    request.raise_for_status()
  File "/home/tzikos/anaconda3/envs/KUThesis/lib/python3.12/site-packages/requests/models.py", line 1021, in raise_for_status
    raise HTTPError(http_error_msg, response=self)
requests.exceptions.HTTPError: 404 Client Error: Not Found for url: https://api.wandb.ai/graphql

During handling of the above exception, another exception occurred:

Traceback (most recent call last):
  File "/home/tzikos/anaconda3/envs/KUThesis/lib/python3.12/concurrent/futures/thread.py", line 58, in run
    result = self.fn(*self.args, **self.kwargs)
             ^^^^^^^^^^^^^^^^^^^^^^^^^^^^^^^^^^
  File "/home/tzikos/anaconda3/envs/KUThesis/lib/python3.12/site-packages/wandb/filesync/step_upload.py", line 223, in run_and_notify
    self._do_upload(event)
  File "/home/tzikos/anaconda3/envs/KUThesis/lib/python3.12/site-packages/wandb/filesync/step_upload.py", line 243, in _do_upload
    job.run()
  File "/home/tzikos/anaconda3/envs/KUThesis/lib/python3.12/site-packages/wandb/filesync/upload_job.py", line 56, in run
    self.push()
  File "/home/tzikos/anaconda3/envs/KUThesis/lib/python3.12/site-packages/wandb/filesync/upload_job.py", line 105, in push
    _, upload_headers, result = self._api.upload_urls(project, [self.save_name])
                                ^^^^^^^^^^^^^^^^^^^^^^^^^^^^^^^^^^^^^^^^^^^^^^^^
  File "/home/tzikos/anaconda3/envs/KUThesis/lib/python3.12/site-packages/wandb/apis/normalize.py", line 73, in wrapper
    raise err
  File "/home/tzikos/anaconda3/envs/KUThesis/lib/python3.12/site-packages/wandb/apis/normalize.py", line 41, in wrapper
    return func(*args, **kwargs)
           ^^^^^^^^^^^^^^^^^^^^^
  File "/home/tzikos/anaconda3/envs/KUThesis/lib/python3.12/site-packages/wandb/sdk/internal/internal_api.py", line 2500, in upload_urls
    query_result = self.gql(
                   ^^^^^^^^^
  File "/home/tzikos/anaconda3/envs/KUThesis/lib/python3.12/site-packages/wandb/sdk/internal/internal_api.py", line 317, in gql
    ret = self._retry_gql(
          ^^^^^^^^^^^^^^^^
  File "/home/tzikos/anaconda3/envs/KUThesis/lib/python3.12/site-packages/wandb/sdk/lib/retry.py", line 147, in __call__
    retry_timedelta_triggered = check_retry_fn(e)
                                ^^^^^^^^^^^^^^^^^
  File "/home/tzikos/anaconda3/envs/KUThesis/lib/python3.12/site-packages/wandb/util.py", line 910, in no_retry_auth
    raise CommError(
wandb.errors.CommError: It appears that you do not have permission to access the requested resource. Please reach out to the project owner to grant you access. If you have the correct permissions, verify that there are no issues with your networking setup.(Error 404: Not Found)
2024-07-21 18:46:55,092 ERROR   Thread-63 (_thread_body):217011 [step_upload.py:_handle_event():144] Failed to upload file: /home/tzikos/Desktop/KULeuvenThesis/wandb/run-20240721_184547-fuv9cxmm/files/output.log
Traceback (most recent call last):
  File "/home/tzikos/anaconda3/envs/KUThesis/lib/python3.12/site-packages/wandb/sdk/lib/retry.py", line 131, in __call__
    result = self._call_fn(*args, **kwargs)
             ^^^^^^^^^^^^^^^^^^^^^^^^^^^^^^
  File "/home/tzikos/anaconda3/envs/KUThesis/lib/python3.12/site-packages/wandb/sdk/internal/internal_api.py", line 345, in execute
    return self.client.execute(*args, **kwargs)  # type: ignore
           ^^^^^^^^^^^^^^^^^^^^^^^^^^^^^^^^^^^^
  File "/home/tzikos/anaconda3/envs/KUThesis/lib/python3.12/site-packages/wandb/vendor/gql-0.2.0/wandb_gql/client.py", line 52, in execute
    result = self._get_result(document, *args, **kwargs)
             ^^^^^^^^^^^^^^^^^^^^^^^^^^^^^^^^^^^^^^^^^^^
  File "/home/tzikos/anaconda3/envs/KUThesis/lib/python3.12/site-packages/wandb/vendor/gql-0.2.0/wandb_gql/client.py", line 60, in _get_result
    return self.transport.execute(document, *args, **kwargs)
           ^^^^^^^^^^^^^^^^^^^^^^^^^^^^^^^^^^^^^^^^^^^^^^^^^
  File "/home/tzikos/anaconda3/envs/KUThesis/lib/python3.12/site-packages/wandb/sdk/lib/gql_request.py", line 59, in execute
    request.raise_for_status()
  File "/home/tzikos/anaconda3/envs/KUThesis/lib/python3.12/site-packages/requests/models.py", line 1021, in raise_for_status
    raise HTTPError(http_error_msg, response=self)
requests.exceptions.HTTPError: 404 Client Error: Not Found for url: https://api.wandb.ai/graphql

During handling of the above exception, another exception occurred:

Traceback (most recent call last):
  File "/home/tzikos/anaconda3/envs/KUThesis/lib/python3.12/concurrent/futures/thread.py", line 58, in run
    result = self.fn(*self.args, **self.kwargs)
             ^^^^^^^^^^^^^^^^^^^^^^^^^^^^^^^^^^
  File "/home/tzikos/anaconda3/envs/KUThesis/lib/python3.12/site-packages/wandb/filesync/step_upload.py", line 223, in run_and_notify
    self._do_upload(event)
  File "/home/tzikos/anaconda3/envs/KUThesis/lib/python3.12/site-packages/wandb/filesync/step_upload.py", line 243, in _do_upload
    job.run()
  File "/home/tzikos/anaconda3/envs/KUThesis/lib/python3.12/site-packages/wandb/filesync/upload_job.py", line 56, in run
    self.push()
  File "/home/tzikos/anaconda3/envs/KUThesis/lib/python3.12/site-packages/wandb/filesync/upload_job.py", line 105, in push
    _, upload_headers, result = self._api.upload_urls(project, [self.save_name])
                                ^^^^^^^^^^^^^^^^^^^^^^^^^^^^^^^^^^^^^^^^^^^^^^^^
  File "/home/tzikos/anaconda3/envs/KUThesis/lib/python3.12/site-packages/wandb/apis/normalize.py", line 73, in wrapper
    raise err
  File "/home/tzikos/anaconda3/envs/KUThesis/lib/python3.12/site-packages/wandb/apis/normalize.py", line 41, in wrapper
    return func(*args, **kwargs)
           ^^^^^^^^^^^^^^^^^^^^^
  File "/home/tzikos/anaconda3/envs/KUThesis/lib/python3.12/site-packages/wandb/sdk/internal/internal_api.py", line 2500, in upload_urls
    query_result = self.gql(
                   ^^^^^^^^^
  File "/home/tzikos/anaconda3/envs/KUThesis/lib/python3.12/site-packages/wandb/sdk/internal/internal_api.py", line 317, in gql
    ret = self._retry_gql(
          ^^^^^^^^^^^^^^^^
  File "/home/tzikos/anaconda3/envs/KUThesis/lib/python3.12/site-packages/wandb/sdk/lib/retry.py", line 147, in __call__
    retry_timedelta_triggered = check_retry_fn(e)
                                ^^^^^^^^^^^^^^^^^
  File "/home/tzikos/anaconda3/envs/KUThesis/lib/python3.12/site-packages/wandb/util.py", line 910, in no_retry_auth
    raise CommError(
wandb.errors.CommError: It appears that you do not have permission to access the requested resource. Please reach out to the project owner to grant you access. If you have the correct permissions, verify that there are no issues with your networking setup.(Error 404: Not Found)
2024-07-21 18:46:55,294 INFO    Thread-63 (_thread_body):217011 [sender.py:transition_state():614] send defer: 11
2024-07-21 18:46:55,294 DEBUG   HandlerThread:217011 [handler.py:handle_request():158] handle_request: defer
2024-07-21 18:46:55,295 INFO    HandlerThread:217011 [handler.py:handle_request_defer():184] handle defer: 11
2024-07-21 18:46:55,296 DEBUG   SenderThread:217011 [sender.py:send_request():406] send_request: defer
2024-07-21 18:46:55,296 INFO    SenderThread:217011 [sender.py:send_request_defer():610] handle sender defer: 11
2024-07-21 18:46:55,296 INFO    SenderThread:217011 [file_pusher.py:join():175] waiting for file pusher
2024-07-21 18:46:55,300 INFO    SenderThread:217011 [sender.py:transition_state():614] send defer: 12
2024-07-21 18:46:55,300 DEBUG   HandlerThread:217011 [handler.py:handle_request():158] handle_request: defer
2024-07-21 18:46:55,300 INFO    HandlerThread:217011 [handler.py:handle_request_defer():184] handle defer: 12
2024-07-21 18:46:55,301 DEBUG   SenderThread:217011 [sender.py:send_request():406] send_request: defer
2024-07-21 18:46:55,301 INFO    SenderThread:217011 [sender.py:send_request_defer():610] handle sender defer: 12
2024-07-21 18:46:55,301 INFO    SenderThread:217011 [file_stream.py:finish():601] file stream finish called
2024-07-21 18:46:55,451 ERROR   FileStreamThread:217011 [file_stream.py:_handle_response():510] dropped chunk 404 Client Error: Not Found for url: https://api.wandb.ai/files/kuthesis/KU%20AI%20Thesis/fuv9cxmm/file_stream
NoneType: None
2024-07-21 18:46:55,591 INFO    SenderThread:217011 [file_stream.py:finish():605] file stream finish is done
2024-07-21 18:46:55,592 INFO    SenderThread:217011 [sender.py:transition_state():614] send defer: 13
2024-07-21 18:46:55,592 DEBUG   HandlerThread:217011 [handler.py:handle_request():158] handle_request: defer
2024-07-21 18:46:55,592 INFO    HandlerThread:217011 [handler.py:handle_request_defer():184] handle defer: 13
2024-07-21 18:46:55,592 DEBUG   SenderThread:217011 [sender.py:send_request():406] send_request: defer
2024-07-21 18:46:55,593 INFO    SenderThread:217011 [sender.py:send_request_defer():610] handle sender defer: 13
2024-07-21 18:46:55,593 INFO    SenderThread:217011 [sender.py:transition_state():614] send defer: 14
2024-07-21 18:46:55,593 DEBUG   HandlerThread:217011 [handler.py:handle_request():158] handle_request: defer
2024-07-21 18:46:55,593 INFO    HandlerThread:217011 [handler.py:handle_request_defer():184] handle defer: 14
2024-07-21 18:46:55,593 DEBUG   SenderThread:217011 [sender.py:send():379] send: final
2024-07-21 18:46:55,594 DEBUG   SenderThread:217011 [sender.py:send():379] send: footer
2024-07-21 18:46:55,594 DEBUG   SenderThread:217011 [sender.py:send_request():406] send_request: defer
2024-07-21 18:46:55,594 INFO    SenderThread:217011 [sender.py:send_request_defer():610] handle sender defer: 14
2024-07-21 18:46:55,595 DEBUG   HandlerThread:217011 [handler.py:handle_request():158] handle_request: poll_exit
2024-07-21 18:46:55,595 DEBUG   SenderThread:217011 [sender.py:send_request():406] send_request: poll_exit
2024-07-21 18:46:55,596 DEBUG   HandlerThread:217011 [handler.py:handle_request():158] handle_request: server_info
2024-07-21 18:46:55,596 DEBUG   HandlerThread:217011 [handler.py:handle_request():158] handle_request: poll_exit
2024-07-21 18:46:55,596 DEBUG   SenderThread:217011 [sender.py:send_request():406] send_request: server_info
2024-07-21 18:46:55,601 DEBUG   HandlerThread:217011 [handler.py:handle_request():158] handle_request: get_summary
2024-07-21 18:46:55,602 DEBUG   HandlerThread:217011 [handler.py:handle_request():158] handle_request: sampled_history
2024-07-21 18:46:55,602 DEBUG   HandlerThread:217011 [handler.py:handle_request():158] handle_request: internal_messages
2024-07-21 18:46:55,739 DEBUG   SenderThread:217011 [sender.py:send_request():406] send_request: poll_exit
2024-07-21 18:46:55,740 INFO    MainThread:217011 [wandb_run.py:_footer_history_summary_info():3991] rendering history
2024-07-21 18:46:55,741 INFO    MainThread:217011 [wandb_run.py:_footer_history_summary_info():4023] rendering summary
2024-07-21 18:46:55,741 INFO    MainThread:217011 [wandb_run.py:_footer_sync_info():3950] logging synced files
2024-07-21 18:46:55,742 DEBUG   HandlerThread:217011 [handler.py:handle_request():158] handle_request: shutdown
2024-07-21 18:46:55,742 INFO    HandlerThread:217011 [handler.py:finish():882] shutting down handler
2024-07-21 18:46:56,601 INFO    WriterThread:217011 [datastore.py:close():296] close: /home/tzikos/Desktop/KULeuvenThesis/wandb/run-20240721_184547-fuv9cxmm/run-fuv9cxmm.wandb
